#
# A fatal error has been detected by the Java Runtime Environment:
#
#  SIGSEGV (0xb) at pc=0x00007efd55069a7a, pid=10846, tid=0x00007efcfe32b700
#
# JRE version: Java(TM) SE Runtime Environment (8.0_111-b14) (build 1.8.0_111-b14)
# Java VM: Java HotSpot(TM) 64-Bit Server VM (25.111-b14 mixed mode linux-amd64 compressed oops)
# Problematic frame:
# v  ~BufferBlob::jni_fast_GetLongField
#
# Failed to write core dump. Core dumps have been disabled. To enable core dumping, try "ulimit -c unlimited" before starting Java again
#
# If you would like to submit a bug report, please visit:
#   http://bugreport.java.com/bugreport/crash.jsp
# The crash happened outside the Java Virtual Machine in native code.
# See problematic frame for where to report the bug.
#

---------------  T H R E A D  ---------------

Current thread (0x00007efcf8071800):  JavaThread "AWT-XAWT" daemon [_thread_in_native, id=10875, stack(0x00007efcfe22b000,0x00007efcfe32c000)]

siginfo: si_signo: 11 (SIGSEGV), si_code: 1 (SEGV_MAPERR), si_addr: 0x0000000000000000

Registers:
RAX=0x00007efd6b502520, RBX=0x00007efcf80719f8, RCX=0x00007efd6bf692c0, RDX=0x0000000000000042
RSP=0x00007efcfe32a818, RBP=0x00007efcfe32a840, RSI=0x0000000000000000, RDI=0x00007efcf80719f8
R8 =0x00000000d8ea68bc, R9 =0x0000000000000000, R10=0x00000000000002e4, R11=0x00007efd6af40a70
R12=0x00007efc641baf80, R13=0x0000000000000000, R14=0x00007efd44a3b7e0, R15=0x00007efcf8071800
RIP=0x00007efd55069a7a, EFLAGS=0x0000000000010246, CSGSFS=0x0000000000000033, ERR=0x0000000000000004
  TRAPNO=0x000000000000000e

Top of Stack: (sp=0x00007efcfe32a818)
0x00007efcfe32a818:   00007efd44819ee1 00007efd47bc4628
0x00007efcfe32a828:   00007efc641baf80 00007efd47bc4628
0x00007efcfe32a838:   00007efcfe32a928 0000000000000000
0x00007efcfe32a848:   00007efd442b13c0 00007efd47bc4628
0x00007efcfe32a858:   00007efcfe32a880 0000000000000000
0x00007efcfe32a868:   00007efd442a8f93 00007efd47bc4628
0x00007efcfe32a878:   00007efd4481311f 00007efcfe32a8f0
0x00007efcfe32a888:   00007efd55017a34 00007efcfe32a970
0x00007efcfe32a898:   00007efd559dfbd4 00007efcfe32a970
0x00007efcfe32a8a8:   00007efd559ddf2c 00007efcfe32a8b0
0x00007efcfe32a8b8:   0000000000000000 00007efcfe32a928
0x00007efcfe32a8c8:   00007efd47bc8cb8 0000000000000000
0x00007efcfe32a8d8:   00007efd47bc4628 0000000000000000
0x00007efcfe32a8e8:   00007efcfe32a910 00007efcfe32a970
0x00007efcfe32a8f8:   00007efd55007a90 00000006c77aa2c8
0x00007efcfe32a908:   00007efd55011520 0000000000000000
0x00007efcfe32a918:   00007efcfe32a970 00007efcec000e30
0x00007efcfe32a928:   00000006c7534048 00007efcfe32a930
0x00007efcfe32a938:   00007efcfeb6048c 00007efcfe32a9b8
0x00007efcfe32a948:   00007efcfeb69678 0000000000000000
0x00007efcfe32a958:   00007efcfeb605c8 00007efcfe32a910
0x00007efcfe32a968:   00007efcfe32a9b0 00007efcfe32aa00
0x00007efcfe32a978:   00007efd550082bd 0000000000000000
0x00007efcfe32a988:   000000076d931bb0 0000000000000000
0x00007efcfe32a998:   0000000000000000 0000000000000000
0x00007efcfe32a9a8:   00000006c7534048 0000000000000000
0x00007efcfe32a9b8:   00000006c7236500 00007efcfe32a9c0
0x00007efcfe32a9c8:   00007efcfeb602cd 00007efcfe32aa10
0x00007efcfe32a9d8:   00007efcfeb69678 0000000000000000
0x00007efcfe32a9e8:   00007efcfeb602d8 00007efcfe32a9b0
0x00007efcfe32a9f8:   00007efcfe32aa10 00007efcfe32aa58
0x00007efcfe32aa08:   00007efd55008302 00000006c7236500 

Instructions: (pc=0x00007efd55069a7a)
0x00007efd55069a5a:   00 00 00 00 00 00 44 8b 15 21 85 4d 16 4c 8b ce
0x00007efd55069a6a:   41 f6 c2 01 0f 85 2e 00 00 00 4d 33 ca 4d 33 ca
0x00007efd55069a7a:   4d 8b 09 4c 8b da 49 c1 eb 02 4b 8b 04 19 49 bb
0x00007efd55069a8a:   88 1f 54 6b fd 7e 00 00 4c 33 d8 4c 33 d8 45 3b 

Register to memory mapping:

RAX=0x00007efd6b502520: <offset 0xf84520> in /usr/lib/jvm/java-8-oracle/jre/lib/amd64/server/libjvm.so at 0x00007efd6a57e000
RBX=0x00007efcf80719f8 is an unknown value
RCX=0x00007efd6bf692c0: <offset 0x2182c0> in /lib/x86_64-linux-gnu/libpthread.so.0 at 0x00007efd6bd51000
RDX=0x0000000000000042 is an unknown value
RSP=0x00007efcfe32a818 is pointing into the stack for thread: 0x00007efcf8071800
RBP=0x00007efcfe32a840 is pointing into the stack for thread: 0x00007efcf8071800
RSI=0x0000000000000000 is an unknown value
RDI=0x00007efcf80719f8 is an unknown value
R8 =0x00000000d8ea68bc is an unknown value
R9 =0x0000000000000000 is an unknown value
R10=0x00000000000002e4 is an unknown value
R11=0x00007efd6af40a70: <offset 0x9c2a70> in /usr/lib/jvm/java-8-oracle/jre/lib/amd64/server/libjvm.so at 0x00007efd6a57e000
R12=0x00007efc641baf80 is an unknown value
R13=0x0000000000000000 is an unknown value
R14=0x00007efd44a3b7e0: <offset 0x2587e0> in /usr/lib/jvm/java-8-oracle/jre/lib/amd64/libawt_xawt.so at 0x00007efd447e3000
R15=0x00007efcf8071800 is a thread


Stack: [0x00007efcfe22b000,0x00007efcfe32c000],  sp=0x00007efcfe32a818,  free space=1022k
Native frames: (J=compiled Java code, j=interpreted, Vv=VM code, C=native code)
v  ~BufferBlob::jni_fast_GetLongField
C  [libX11.so.6+0x643c0]  _XimServerDestroy+0x70

Java frames: (J=compiled Java code, j=interpreted, Vv=VM code)
j  sun.awt.X11.XlibWrapper.XFilterEvent(JJ)Z+0
j  sun.awt.X11.XToolkit.run(Z)V+300
j  sun.awt.X11.XToolkit.run()V+5
j  java.lang.Thread.run()V+11
v  ~StubRoutines::call_stub

---------------  P R O C E S S  ---------------

Java Threads: ( => current thread )
  0x00007efd1c003000 JavaThread "SIGHUP handler" daemon [_thread_blocked, id=10942, stack(0x00007efca5d6a000,0x00007efca5e6b000)]
  0x00007efcc0003800 JavaThread "Timer-13" daemon [_thread_blocked, id=10931, stack(0x00007efcfdb26000,0x00007efcfdc27000)]
  0x00007efc9002c000 JavaThread "ServiceThread_23" daemon [_thread_in_native, id=10926, stack(0x00007efca5966000,0x00007efca5a67000)]
  0x00007efc8c02b000 JavaThread "ServiceThread_19" [_thread_blocked, id=10919, stack(0x00007efca5f6c000,0x00007efca606d000)]
  0x00007efc90004800 JavaThread "ServiceThread_18" [_thread_blocked, id=10918, stack(0x00007efca606d000,0x00007efca616e000)]
  0x00007efce01a1800 JavaThread "ServiceThread_17" [_thread_blocked, id=10917, stack(0x00007efcfcaa5000,0x00007efcfcba6000)]
  0x00007efcc4004000 JavaThread "Timer-10" daemon [_thread_blocked, id=10913, stack(0x00007efca6970000,0x00007efca6a71000)]
  0x00007efd6400f000 JavaThread "DestroyJavaVM" [_thread_blocked, id=10852, stack(0x00007efd6c03e000,0x00007efd6c13f000)]
  0x00007efc64107800 JavaThread "TimerQueue" daemon [_thread_blocked, id=10910, stack(0x00007efca666f000,0x00007efca6770000)]
  0x00007efcb8003000 JavaThread "Keep-Alive-Timer" daemon [_thread_blocked, id=10907, stack(0x00007efca6a71000,0x00007efca6b72000)]
  0x00007efce020d800 JavaThread "ServiceThread_13" [_thread_blocked, id=10897, stack(0x00007efca7afb000,0x00007efca7bfc000)]
  0x00007efce020c000 JavaThread "ServiceThread_12" [_thread_blocked, id=10896, stack(0x00007efca7bfc000,0x00007efca7cfd000)]
  0x00007efce0208000 JavaThread "Thread-11" daemon [_thread_in_native, id=10894, stack(0x00007efca7dfe000,0x00007efca7eff000)]
  0x00007efce404a800 JavaThread "ServiceThread_10" [_thread_blocked, id=10893, stack(0x00007efca7eff000,0x00007efca8000000)]
  0x00007efcbc001000 JavaThread "Thread-7" daemon [_thread_in_native, id=10888, stack(0x00007efcfc6a1000,0x00007efcfc7a2000)]
  0x00007efce0122000 JavaThread "ServiceThread_7" daemon [_thread_in_native, id=10885, stack(0x00007efcfc9a4000,0x00007efcfcaa5000)]
  0x00007efcd4002000 JavaThread "Thread-4" daemon [_thread_in_native, id=10882, stack(0x00007efcfd2cc000,0x00007efcfd3cd000)]
  0x00007efce001d000 JavaThread "ServiceThread_4" [_thread_blocked, id=10879, stack(0x00007efcfdc27000,0x00007efcfdd28000)]
  0x00007efce0015000 JavaThread "ServiceThread_3" [_thread_blocked, id=10878, stack(0x00007efcfdd28000,0x00007efcfde29000)]
  0x00007efcf8087800 JavaThread "ServiceThread_2" [_thread_blocked, id=10877, stack(0x00007efcfe029000,0x00007efcfe12a000)]
  0x00007efcf8084800 JavaThread "ServiceThread_1" [_thread_blocked, id=10876, stack(0x00007efcfe12a000,0x00007efcfe22b000)]
=>0x00007efcf8071800 JavaThread "AWT-XAWT" daemon [_thread_in_native, id=10875, stack(0x00007efcfe22b000,0x00007efcfe32c000)]
  0x00007efcf8053000 JavaThread "Java2D Disposer" daemon [_thread_blocked, id=10874, stack(0x00007efcfe786000,0x00007efcfe887000)]
  0x00007efcf8030000 JavaThread "Timer-0" daemon [_thread_blocked, id=10872, stack(0x00007efcfe988000,0x00007efcfea89000)]
  0x00007efd64752000 JavaThread "rescue_thread_danfergoPC_b1f" [_thread_blocked, id=10871, stack(0x00007efcfec89000,0x00007efcfed8a000)]
  0x00007efd640d0000 JavaThread "Service Thread" daemon [_thread_blocked, id=10869, stack(0x00007efd44e64000,0x00007efd44f65000)]
  0x00007efd640cd000 JavaThread "C1 CompilerThread3" daemon [_thread_blocked, id=10868, stack(0x00007efd44f65000,0x00007efd45066000)]
  0x00007efd640cb000 JavaThread "C2 CompilerThread2" daemon [_thread_blocked, id=10867, stack(0x00007efd45066000,0x00007efd45167000)]
  0x00007efd640c9000 JavaThread "C2 CompilerThread1" daemon [_thread_blocked, id=10866, stack(0x00007efd45167000,0x00007efd45268000)]
  0x00007efd640c6800 JavaThread "C2 CompilerThread0" daemon [_thread_blocked, id=10865, stack(0x00007efd45268000,0x00007efd45369000)]
  0x00007efd640c5000 JavaThread "Signal Dispatcher" daemon [_thread_in_vm, id=10864, stack(0x00007efd45369000,0x00007efd4546a000)]
  0x00007efd64091800 JavaThread "Finalizer" daemon [_thread_blocked, id=10863, stack(0x00007efd45744000,0x00007efd45845000)]
  0x00007efd6408d000 JavaThread "Reference Handler" daemon [_thread_blocked, id=10862, stack(0x00007efd45845000,0x00007efd45946000)]

Other Threads:
  0x00007efd64085800 VMThread [stack: 0x00007efd45946000,0x00007efd45a47000] [id=10861]
  0x00007efd640d3000 WatcherThread [stack: 0x00007efd44d63000,0x00007efd44e64000] [id=10870]

VM state:not at safepoint (normal execution)

VM Mutex/Monitor currently owned by a thread:  ([mutex/lock_event])
[0x00007efd6400b7d0] Threads_lock - owner thread: 0x00007efd640c5000

Heap:
 PSYoungGen      total 74752K, used 57100K [0x000000076d100000, 0x0000000776300000, 0x00000007c0000000)
  eden space 64512K, 88% used [0x000000076d100000,0x00000007708c33b8,0x0000000771000000)
  from space 10240K, 0% used [0x0000000771a00000,0x0000000771a00000,0x0000000772400000)
  to   space 10240K, 0% used [0x0000000771000000,0x0000000771000000,0x0000000771a00000)
 ParOldGen       total 116224K, used 9961K [0x00000006c7200000, 0x00000006ce380000, 0x000000076d100000)
  object space 116224K, 8% used [0x00000006c7200000,0x00000006c7bba640,0x00000006ce380000)
 Metaspace       used 30495K, capacity 31338K, committed 31488K, reserved 1077248K
  class space    used 4066K, capacity 4267K, committed 4352K, reserved 1048576K

Card table byte_map: [0x00007efd68650000,0x00007efd68e18000] byte_map_base: 0x00007efd65017000

Marking Bits: (ParMarkBitMap*) 0x00007efd6b541220
 Begin Bits: [0x00007efd2c390000, 0x00007efd301c8000)
 End Bits:   [0x00007efd301c8000, 0x00007efd34000000)

Polling page: 0x00007efd6c18c000

CodeCache: size=245760Kb used=10557Kb max_used=10589Kb free=235202Kb
 bounds [0x00007efd55000000, 0x00007efd55a80000, 0x00007efd64000000]
 total_blobs=3941 nmethods=3272 adapters=581
 compilation: enabled

Compilation events (10 events):
Event: 14,465 Thread 0x00007efd640cd000 nmethod 3769 0x00007efd55447ad0 code [0x00007efd55447d20, 0x00007efd55448a08]
Event: 14,465 Thread 0x00007efd640cd000 3770       3       java.util.HashSet::<init> (18 bytes)
Event: 14,465 Thread 0x00007efd640c6800 nmethod 3767 0x00007efd55446050 code [0x00007efd554461c0, 0x00007efd55446398]
Event: 14,466 Thread 0x00007efd640cd000 nmethod 3770 0x00007efd55445950 code [0x00007efd55445ae0, 0x00007efd55445e88]
Event: 14,466 Thread 0x00007efd640cd000 3771       3       java.util.LinkedHashMap::<init> (12 bytes)
Event: 14,466 Thread 0x00007efd640cd000 nmethod 3771 0x00007efd55433a50 code [0x00007efd55433bc0, 0x00007efd55433d68]
Event: 14,505 Thread 0x00007efd640cb000 nmethod 3760 0x00007efd552cded0 code [0x00007efd552ce220, 0x00007efd552d0180]
Event: 14,580 Thread 0x00007efd640c9000 nmethod 3762 0x00007efd55a6c910 code [0x00007efd55a6d0e0, 0x00007efd55a72378]
Event: 14,703 Thread 0x00007efd640cd000 3772       1       javax.swing.TimerQueue$DelayedTimer::getTimer (5 bytes)
Event: 14,703 Thread 0x00007efd640cd000 nmethod 3772 0x00007efd55445650 code [0x00007efd554457a0, 0x00007efd554458b0]

GC Heap History (6 events):
Event: 0,740 GC heap before
{Heap before GC invocations=1 (full 0):
 PSYoungGen      total 74752K, used 64512K [0x000000076d100000, 0x0000000772400000, 0x00000007c0000000)
  eden space 64512K, 100% used [0x000000076d100000,0x0000000771000000,0x0000000771000000)
  from space 10240K, 0% used [0x0000000771a00000,0x0000000771a00000,0x0000000772400000)
  to   space 10240K, 0% used [0x0000000771000000,0x0000000771000000,0x0000000771a00000)
 ParOldGen       total 171008K, used 0K [0x00000006c7200000, 0x00000006d1900000, 0x000000076d100000)
  object space 171008K, 0% used [0x00000006c7200000,0x00000006c7200000,0x00000006d1900000)
 Metaspace       used 12689K, capacity 13068K, committed 13440K, reserved 1060864K
  class space    used 1432K, capacity 1540K, committed 1664K, reserved 1048576K
Event: 0,747 GC heap after
Heap after GC invocations=1 (full 0):
 PSYoungGen      total 74752K, used 7326K [0x000000076d100000, 0x0000000772400000, 0x00000007c0000000)
  eden space 64512K, 0% used [0x000000076d100000,0x000000076d100000,0x0000000771000000)
  from space 10240K, 71% used [0x0000000771000000,0x0000000771727ab0,0x0000000771a00000)
  to   space 10240K, 0% used [0x0000000771a00000,0x0000000771a00000,0x0000000772400000)
 ParOldGen       total 171008K, used 80K [0x00000006c7200000, 0x00000006d1900000, 0x000000076d100000)
  object space 171008K, 0% used [0x00000006c7200000,0x00000006c7214010,0x00000006d1900000)
 Metaspace       used 12689K, capacity 13068K, committed 13440K, reserved 1060864K
  class space    used 1432K, capacity 1540K, committed 1664K, reserved 1048576K
}
Event: 1,276 GC heap before
{Heap before GC invocations=2 (full 0):
 PSYoungGen      total 74752K, used 63691K [0x000000076d100000, 0x0000000772400000, 0x00000007c0000000)
  eden space 64512K, 87% used [0x000000076d100000,0x000000077080b380,0x0000000771000000)
  from space 10240K, 71% used [0x0000000771000000,0x0000000771727ab0,0x0000000771a00000)
  to   space 10240K, 0% used [0x0000000771a00000,0x0000000771a00000,0x0000000772400000)
 ParOldGen       total 171008K, used 80K [0x00000006c7200000, 0x00000006d1900000, 0x000000076d100000)
  object space 171008K, 0% used [0x00000006c7200000,0x00000006c7214010,0x00000006d1900000)
 Metaspace       used 20517K, capacity 21040K, committed 21248K, reserved 1067008K
  class space    used 2533K, capacity 2702K, committed 2816K, reserved 1048576K
Event: 1,285 GC heap after
Heap after GC invocations=2 (full 0):
 PSYoungGen      total 74752K, used 10195K [0x000000076d100000, 0x0000000776300000, 0x00000007c0000000)
  eden space 64512K, 0% used [0x000000076d100000,0x000000076d100000,0x0000000771000000)
  from space 10240K, 99% used [0x0000000771a00000,0x00000007723f4f28,0x0000000772400000)
  to   space 10240K, 0% used [0x0000000771000000,0x0000000771000000,0x0000000771a00000)
 ParOldGen       total 171008K, used 88K [0x00000006c7200000, 0x00000006d1900000, 0x000000076d100000)
  object space 171008K, 0% used [0x00000006c7200000,0x00000006c7216010,0x00000006d1900000)
 Metaspace       used 20517K, capacity 21040K, committed 21248K, reserved 1067008K
  class space    used 2533K, capacity 2702K, committed 2816K, reserved 1048576K
}
Event: 1,285 GC heap before
{Heap before GC invocations=3 (full 1):
 PSYoungGen      total 74752K, used 10195K [0x000000076d100000, 0x0000000776300000, 0x00000007c0000000)
  eden space 64512K, 0% used [0x000000076d100000,0x000000076d100000,0x0000000771000000)
  from space 10240K, 99% used [0x0000000771a00000,0x00000007723f4f28,0x0000000772400000)
  to   space 10240K, 0% used [0x0000000771000000,0x0000000771000000,0x0000000771a00000)
 ParOldGen       total 171008K, used 88K [0x00000006c7200000, 0x00000006d1900000, 0x000000076d100000)
  object space 171008K, 0% used [0x00000006c7200000,0x00000006c7216010,0x00000006d1900000)
 Metaspace       used 20517K, capacity 21040K, committed 21248K, reserved 1067008K
  class space    used 2533K, capacity 2702K, committed 2816K, reserved 1048576K
Event: 1,313 GC heap after
Heap after GC invocations=3 (full 1):
 PSYoungGen      total 74752K, used 0K [0x000000076d100000, 0x0000000776300000, 0x00000007c0000000)
  eden space 64512K, 0% used [0x000000076d100000,0x000000076d100000,0x0000000771000000)
  from space 10240K, 0% used [0x0000000771a00000,0x0000000771a00000,0x0000000772400000)
  to   space 10240K, 0% used [0x0000000771000000,0x0000000771000000,0x0000000771a00000)
 ParOldGen       total 116224K, used 9961K [0x00000006c7200000, 0x00000006ce380000, 0x000000076d100000)
  object space 116224K, 8% used [0x00000006c7200000,0x00000006c7bba640,0x00000006ce380000)
 Metaspace       used 20513K, capacity 21034K, committed 21248K, reserved 1067008K
  class space    used 2533K, capacity 2701K, committed 2816K, reserved 1048576K
}

Deoptimization events (10 events):
Event: 5,490 Thread 0x00007efce0126000 Uncommon trap: reason=bimorphic action=maybe_recompile pc=0x00007efd55a15af8 method=jadex.commons.future.Future.notifyListener(Ljadex/commons/future/IResultListener;)V @ 78
Event: 5,490 Thread 0x00007efce0126000 Uncommon trap: reason=bimorphic action=maybe_recompile pc=0x00007efd55a15af8 method=jadex.commons.future.Future.notifyListener(Ljadex/commons/future/IResultListener;)V @ 78
Event: 5,933 Thread 0x00007efce020d800 Uncommon trap: reason=bimorphic action=maybe_recompile pc=0x00007efd55395310 method=jadex.commons.future.Future.notifyListener(Ljadex/commons/future/IResultListener;)V @ 198
Event: 5,934 Thread 0x00007efc8c02b000 Uncommon trap: reason=bimorphic action=maybe_recompile pc=0x00007efd55395310 method=jadex.commons.future.Future.notifyListener(Ljadex/commons/future/IResultListener;)V @ 198
Event: 5,968 Thread 0x00007efce020c000 Uncommon trap: reason=unstable_if action=reinterpret pc=0x00007efd555f2830 method=jadex.commons.SReflect.isSupertype(Ljava/lang/Class;Ljava/lang/Class;)Z @ 5
Event: 9,658 Thread 0x00007efc9c01d000 Uncommon trap: reason=null_check action=make_not_entrant pc=0x00007efd5576aa34 method=jadex.bridge.BasicComponentIdentifier.equals(Ljava/lang/Object;)Z @ 6
Event: 9,690 Thread 0x00007efc9c01d000 Uncommon trap: reason=unstable_if action=reinterpret pc=0x00007efd551b4ae8 method=sun.misc.FloatingDecimal$BinaryToASCIIBuffer.dtoa(IJIZ)V @ 824
Event: 9,710 Thread 0x00007efc9c01d000 Uncommon trap: reason=unstable_if action=reinterpret pc=0x00007efd551898d8 method=java.beans.ChangeListenerMap.get(Ljava/lang/String;)[Ljava/util/EventListener; @ 4
Event: 9,818 Thread 0x00007efc90004800 Uncommon trap: reason=bimorphic action=maybe_recompile pc=0x00007efd55988ebc method=jadex.commons.future.Future.notifyListener(Ljadex/commons/future/IResultListener;)V @ 78
Event: 14,439 Thread 0x00007efce403f800 Uncommon trap: reason=bimorphic action=maybe_recompile pc=0x00007efd556c4a6c method=jadex.commons.future.Future.notifyListener(Ljadex/commons/future/IResultListener;)V @ 65

Internal exceptions (10 events):
Event: 5,488 Thread 0x00007efce0126000 Exception <a 'java/net/SocketException'> (0x000000076f5dec68) thrown at [/HUDSON3/workspace/8-2-build-linux-amd64/jdk8u111/7883/hotspot/src/share/vm/prims/jni.cpp, line 709]
Event: 5,490 Thread 0x00007efce0126000 Exception <a 'java/net/SocketException'> (0x000000076f600848) thrown at [/HUDSON3/workspace/8-2-build-linux-amd64/jdk8u111/7883/hotspot/src/share/vm/prims/jni.cpp, line 709]
Event: 5,490 Thread 0x00007efce0126000 Exception <a 'java/net/SocketException'> (0x000000076f601aa0) thrown at [/HUDSON3/workspace/8-2-build-linux-amd64/jdk8u111/7883/hotspot/src/share/vm/prims/jni.cpp, line 709]
Event: 5,490 Thread 0x00007efce0126000 Exception <a 'java/net/SocketException'> (0x000000076f602710) thrown at [/HUDSON3/workspace/8-2-build-linux-amd64/jdk8u111/7883/hotspot/src/share/vm/prims/jni.cpp, line 709]
Event: 5,491 Thread 0x00007efce0126000 Exception <a 'java/net/SocketException'> (0x000000076f603948) thrown at [/HUDSON3/workspace/8-2-build-linux-amd64/jdk8u111/7883/hotspot/src/share/vm/prims/jni.cpp, line 709]
Event: 5,562 Thread 0x00007efce0126000 Exception <a 'java/net/ConnectException'> (0x000000076f604d88) thrown at [/HUDSON3/workspace/8-2-build-linux-amd64/jdk8u111/7883/hotspot/src/share/vm/prims/jni.cpp, line 709]
Event: 8,490 Thread 0x00007efce0126000 Exception <a 'java/net/NoRouteToHostException'> (0x000000076f606010) thrown at [/HUDSON3/workspace/8-2-build-linux-amd64/jdk8u111/7883/hotspot/src/share/vm/prims/jni.cpp, line 709]
Event: 8,491 Thread 0x00007efce0126000 Exception <a 'java/net/NoRouteToHostException'> (0x000000076f606d80) thrown at [/HUDSON3/workspace/8-2-build-linux-amd64/jdk8u111/7883/hotspot/src/share/vm/prims/jni.cpp, line 709]
Event: 9,658 Thread 0x00007efc9c01d000 Implicit null exception at 0x00007efd5576a858 to 0x00007efd5576aa25
Event: 9,709 Thread 0x00007efc9c01d000 Implicit null exception at 0x00007efd5518886a to 0x00007efd551898b1

Events (10 events):
Event: 14,704 Thread 0x00007efc60002000 Thread added: 0x00007efc60002000
Event: 15,704 Executing VM operation: RevokeBias
Event: 15,705 Executing VM operation: RevokeBias done
Event: 15,705 Thread 0x00007efc60001000 Thread exited: 0x00007efc60001000
Event: 15,705 Thread 0x00007efc60002000 Thread exited: 0x00007efc60002000
Event: 16,056 loading class sun/misc/Signal$1
Event: 16,056 loading class sun/misc/Signal$1 done
Event: 16,064 Thread 0x00007efd1c003000 Thread added: 0x00007efd1c003000
Event: 16,064 loading class sun/awt/X11/XDestroyWindowEvent
Event: 16,065 loading class sun/awt/X11/XDestroyWindowEvent done


Dynamic libraries:
00400000-00401000 r-xp 00000000 08:05 2495449                            /usr/lib/jvm/java-8-oracle/bin/java
00600000-00601000 rw-p 00000000 08:05 2495449                            /usr/lib/jvm/java-8-oracle/bin/java
01abe000-01adf000 rw-p 00000000 00:00 0                                  [heap]
6c7200000-6ce380000 rw-p 00000000 00:00 0 
6ce380000-76d100000 ---p 00000000 00:00 0 
76d100000-776300000 rw-p 00000000 00:00 0 
776300000-7c0000000 ---p 00000000 00:00 0 
7c0000000-7c0440000 rw-p 00000000 00:00 0 
7c0440000-800000000 ---p 00000000 00:00 0 
7efc44000000-7efc4404a000 rw-p 00000000 00:00 0 
7efc4404a000-7efc48000000 ---p 00000000 00:00 0 
7efc4c000000-7efc4c063000 rw-p 00000000 00:00 0 
7efc4c063000-7efc50000000 ---p 00000000 00:00 0 
7efc50000000-7efc50043000 rw-p 00000000 00:00 0 
7efc50043000-7efc54000000 ---p 00000000 00:00 0 
7efc54000000-7efc54048000 rw-p 00000000 00:00 0 
7efc54048000-7efc58000000 ---p 00000000 00:00 0 
7efc58000000-7efc58046000 rw-p 00000000 00:00 0 
7efc58046000-7efc5c000000 ---p 00000000 00:00 0 
7efc5c000000-7efc5c021000 rw-p 00000000 00:00 0 
7efc5c021000-7efc60000000 ---p 00000000 00:00 0 
7efc60000000-7efc60021000 rw-p 00000000 00:00 0 
7efc60021000-7efc64000000 ---p 00000000 00:00 0 
7efc64000000-7efc6420c000 rw-p 00000000 00:00 0 
7efc6420c000-7efc68000000 ---p 00000000 00:00 0 
7efc68000000-7efc68021000 rw-p 00000000 00:00 0 
7efc68021000-7efc6c000000 ---p 00000000 00:00 0 
7efc6c000000-7efc6c021000 rw-p 00000000 00:00 0 
7efc6c021000-7efc70000000 ---p 00000000 00:00 0 
7efc70000000-7efc70021000 rw-p 00000000 00:00 0 
7efc70021000-7efc74000000 ---p 00000000 00:00 0 
7efc74000000-7efc74021000 rw-p 00000000 00:00 0 
7efc74021000-7efc78000000 ---p 00000000 00:00 0 
7efc78000000-7efc78021000 rw-p 00000000 00:00 0 
7efc78021000-7efc7c000000 ---p 00000000 00:00 0 
7efc7c000000-7efc7c021000 rw-p 00000000 00:00 0 
7efc7c021000-7efc80000000 ---p 00000000 00:00 0 
7efc80000000-7efc80021000 rw-p 00000000 00:00 0 
7efc80021000-7efc84000000 ---p 00000000 00:00 0 
7efc84000000-7efc84021000 rw-p 00000000 00:00 0 
7efc84021000-7efc88000000 ---p 00000000 00:00 0 
7efc88000000-7efc88021000 rw-p 00000000 00:00 0 
7efc88021000-7efc8c000000 ---p 00000000 00:00 0 
7efc8c000000-7efc8c059000 rw-p 00000000 00:00 0 
7efc8c059000-7efc90000000 ---p 00000000 00:00 0 
7efc90000000-7efc9007c000 rw-p 00000000 00:00 0 
7efc9007c000-7efc94000000 ---p 00000000 00:00 0 
7efc94000000-7efc94021000 rw-p 00000000 00:00 0 
7efc94021000-7efc98000000 ---p 00000000 00:00 0 
7efc98000000-7efc98021000 rw-p 00000000 00:00 0 
7efc98021000-7efc9c000000 ---p 00000000 00:00 0 
7efc9c000000-7efc9c05e000 rw-p 00000000 00:00 0 
7efc9c05e000-7efca0000000 ---p 00000000 00:00 0 
7efca0000000-7efca0021000 rw-p 00000000 00:00 0 
7efca0021000-7efca4000000 ---p 00000000 00:00 0 
7efca5665000-7efca56e5000 rw-p 00000000 00:00 0 
7efca56e5000-7efca5868000 ---p 00000000 00:00 0 
7efca5868000-7efca5966000 rw-p 00000000 00:00 0 
7efca5966000-7efca5969000 ---p 00000000 00:00 0 
7efca5969000-7efca5a67000 rw-p 00000000 00:00 0 
7efca5a67000-7efca5a6a000 ---p 00000000 00:00 0 
7efca5a6a000-7efca5b68000 rw-p 00000000 00:00 0 
7efca5b68000-7efca5b6b000 ---p 00000000 00:00 0 
7efca5b6b000-7efca5c69000 rw-p 00000000 00:00 0 
7efca5c69000-7efca5c6c000 ---p 00000000 00:00 0 
7efca5c6c000-7efca5d6a000 rw-p 00000000 00:00 0 
7efca5d6a000-7efca5d6d000 ---p 00000000 00:00 0 
7efca5d6d000-7efca5e6b000 rw-p 00000000 00:00 0 
7efca5e6b000-7efca5e6e000 ---p 00000000 00:00 0 
7efca5e6e000-7efca5f6c000 rw-p 00000000 00:00 0 
7efca5f6c000-7efca5f6f000 ---p 00000000 00:00 0 
7efca5f6f000-7efca606d000 rw-p 00000000 00:00 0 
7efca606d000-7efca6070000 ---p 00000000 00:00 0 
7efca6070000-7efca616e000 rw-p 00000000 00:00 0 
7efca616e000-7efca6171000 ---p 00000000 00:00 0 
7efca6171000-7efca646f000 rw-p 00000000 00:00 0 
7efca646f000-7efca666f000 rw-p 00000000 00:00 0 
7efca666f000-7efca6672000 ---p 00000000 00:00 0 
7efca6672000-7efca6970000 rw-p 00000000 00:00 0 
7efca6970000-7efca6973000 ---p 00000000 00:00 0 
7efca6973000-7efca6a71000 rw-p 00000000 00:00 0 
7efca6a71000-7efca6a74000 ---p 00000000 00:00 0 
7efca6a74000-7efca6d72000 rw-p 00000000 00:00 0 
7efca6d72000-7efca6ddb000 r-xp 00000000 08:05 2495582                    /usr/lib/jvm/java-8-oracle/jre/lib/amd64/libt2k.so
7efca6ddb000-7efca6fdb000 ---p 00069000 08:05 2495582                    /usr/lib/jvm/java-8-oracle/jre/lib/amd64/libt2k.so
7efca6fdb000-7efca6fe2000 rw-p 00069000 08:05 2495582                    /usr/lib/jvm/java-8-oracle/jre/lib/amd64/libt2k.so
7efca6fe2000-7efca71f2000 rw-p 00000000 00:00 0 
7efca71f2000-7efca71f5000 ---p 00000000 00:00 0 
7efca71f5000-7efca72f3000 rw-p 00000000 00:00 0 
7efca72f3000-7efca72f6000 ---p 00000000 00:00 0 
7efca72f6000-7efca73f4000 rw-p 00000000 00:00 0 
7efca73f4000-7efca73f7000 ---p 00000000 00:00 0 
7efca73f7000-7efca74f5000 rw-p 00000000 00:00 0 
7efca74f5000-7efca74f8000 ---p 00000000 00:00 0 
7efca74f8000-7efca75f6000 rw-p 00000000 00:00 0 
7efca75f6000-7efca75f9000 ---p 00000000 00:00 0 
7efca75f9000-7efca76f7000 rw-p 00000000 00:00 0 
7efca76f7000-7efca76fa000 ---p 00000000 00:00 0 
7efca76fa000-7efca77f8000 rw-p 00000000 00:00 0 
7efca77f8000-7efca77fb000 ---p 00000000 00:00 0 
7efca77fb000-7efca78f9000 rw-p 00000000 00:00 0 
7efca78f9000-7efca78fc000 ---p 00000000 00:00 0 
7efca78fc000-7efca79fa000 rw-p 00000000 00:00 0 
7efca79fa000-7efca79fd000 ---p 00000000 00:00 0 
7efca79fd000-7efca7afb000 rw-p 00000000 00:00 0 
7efca7afb000-7efca7afe000 ---p 00000000 00:00 0 
7efca7afe000-7efca7bfc000 rw-p 00000000 00:00 0 
7efca7bfc000-7efca7bff000 ---p 00000000 00:00 0 
7efca7bff000-7efca7cfd000 rw-p 00000000 00:00 0 
7efca7cfd000-7efca7d00000 ---p 00000000 00:00 0 
7efca7d00000-7efca7dfe000 rw-p 00000000 00:00 0 
7efca7dfe000-7efca7e01000 ---p 00000000 00:00 0 
7efca7e01000-7efca7eff000 rw-p 00000000 00:00 0 
7efca7eff000-7efca7f02000 ---p 00000000 00:00 0 
7efca7f02000-7efca8000000 rw-p 00000000 00:00 0 
7efca8000000-7efca8021000 rw-p 00000000 00:00 0 
7efca8021000-7efcac000000 ---p 00000000 00:00 0 
7efcac000000-7efcac021000 rw-p 00000000 00:00 0 
7efcac021000-7efcb0000000 ---p 00000000 00:00 0 
7efcb0000000-7efcb0021000 rw-p 00000000 00:00 0 
7efcb0021000-7efcb4000000 ---p 00000000 00:00 0 
7efcb4000000-7efcb4021000 rw-p 00000000 00:00 0 
7efcb4021000-7efcb8000000 ---p 00000000 00:00 0 
7efcb8000000-7efcb8168000 rw-p 00000000 00:00 0 
7efcb8168000-7efcbc000000 ---p 00000000 00:00 0 
7efcbc000000-7efcbc021000 rw-p 00000000 00:00 0 
7efcbc021000-7efcc0000000 ---p 00000000 00:00 0 
7efcc0000000-7efcc0045000 rw-p 00000000 00:00 0 
7efcc0045000-7efcc4000000 ---p 00000000 00:00 0 
7efcc4000000-7efcc4021000 rw-p 00000000 00:00 0 
7efcc4021000-7efcc8000000 ---p 00000000 00:00 0 
7efcc8000000-7efcc802a000 rw-p 00000000 00:00 0 
7efcc802a000-7efccc000000 ---p 00000000 00:00 0 
7efccc000000-7efccc045000 rw-p 00000000 00:00 0 
7efccc045000-7efcd0000000 ---p 00000000 00:00 0 
7efcd0000000-7efcd0021000 rw-p 00000000 00:00 0 
7efcd0021000-7efcd4000000 ---p 00000000 00:00 0 
7efcd4000000-7efcd4021000 rw-p 00000000 00:00 0 
7efcd4021000-7efcd8000000 ---p 00000000 00:00 0 
7efcd8000000-7efcd80c4000 rw-p 00000000 00:00 0 
7efcd80c4000-7efcdc000000 ---p 00000000 00:00 0 
7efcdc000000-7efcdc08b000 rw-p 00000000 00:00 0 
7efcdc08b000-7efce0000000 ---p 00000000 00:00 0 
7efce0000000-7efce0237000 rw-p 00000000 00:00 0 
7efce0237000-7efce4000000 ---p 00000000 00:00 0 
7efce4000000-7efce42c9000 rw-p 00000000 00:00 0 
7efce42c9000-7efce8000000 ---p 00000000 00:00 0 
7efce8000000-7efce8021000 rw-p 00000000 00:00 0 
7efce8021000-7efcec000000 ---p 00000000 00:00 0 
7efcec000000-7efcec029000 rw-p 00000000 00:00 0 
7efcec029000-7efcf0000000 ---p 00000000 00:00 0 
7efcf0000000-7efcf0021000 rw-p 00000000 00:00 0 
7efcf0021000-7efcf4000000 ---p 00000000 00:00 0 
7efcf4000000-7efcf4021000 rw-p 00000000 00:00 0 
7efcf4021000-7efcf8000000 ---p 00000000 00:00 0 
7efcf8000000-7efcf8091000 rw-p 00000000 00:00 0 
7efcf8091000-7efcfc000000 ---p 00000000 00:00 0 
7efcfc02e000-7efcfc032000 rw-s 00000000 00:05 3866635                    /SYSV00000000 (deleted)
7efcfc032000-7efcfc045000 r--s 00345000 08:05 2495611                    /usr/lib/jvm/java-8-oracle/jre/lib/resources.jar
7efcfc045000-7efcfc050000 r--s 00000000 08:05 7608716                    /var/cache/fontconfig/945677eb7aeaf62f1d50efc3fb3ec7d8-le64.cache-6
7efcfc050000-7efcfc056000 r--s 00000000 08:05 7608945                    /var/cache/fontconfig/2cd17615ca594fa2959ae173292e504c-le64.cache-6
7efcfc056000-7efcfc05d000 r--s 00000000 08:05 7608944                    /var/cache/fontconfig/6eb3985aa4124903f6ff08ba781cd364-le64.cache-6
7efcfc05d000-7efcfc05e000 r--s 00000000 08:05 7608943                    /var/cache/fontconfig/0d8c3b2ac0904cb8a57a757ad11a4a08-le64.cache-6
7efcfc05e000-7efcfc062000 r--s 00000000 08:05 7608942                    /var/cache/fontconfig/6d41288fd70b0be22e8c3a91e032eec0-le64.cache-6
7efcfc062000-7efcfc066000 r--s 00000000 08:05 7608941                    /var/cache/fontconfig/de156ccd2eddbdc19d37a45b8b2aac9c-le64.cache-6
7efcfc066000-7efcfc07b000 r--s 00000000 08:05 7608940                    /var/cache/fontconfig/04aabc0a78ac019cf9454389977116d2-le64.cache-6
7efcfc07b000-7efcfc07c000 r--s 00000000 08:05 7608939                    /var/cache/fontconfig/1ac9eb803944fde146138c791f5cc56a-le64.cache-6
7efcfc07c000-7efcfc080000 r--s 00000000 08:05 7608938                    /var/cache/fontconfig/385c0604a188198f04d133e54aba7fe7-le64.cache-6
7efcfc080000-7efcfc081000 r--s 00000000 08:05 7608937                    /var/cache/fontconfig/dc05db6664285cc2f12bf69c139ae4c3-le64.cache-6
7efcfc081000-7efcfc084000 r--s 00000000 08:05 7608936                    /var/cache/fontconfig/767a8244fc0220cfb567a839d0392e0b-le64.cache-6
7efcfc084000-7efcfc085000 r--s 00000000 08:05 7608935                    /var/cache/fontconfig/4794a0821666d79190d59a36cb4f44b5-le64.cache-6
7efcfc085000-7efcfc08a000 r--s 00000000 08:05 7608934                    /var/cache/fontconfig/8801497958630a81b71ace7c5f9b32a8-le64.cache-6
7efcfc08a000-7efcfc08e000 r--s 00000000 08:05 7608933                    /var/cache/fontconfig/c57959a16110560c8d0fcea73374aeeb-le64.cache-6
7efcfc08e000-7efcfc095000 r--s 00000000 08:05 7608931                    /var/cache/fontconfig/3047814df9a2f067bd2d96a2b9c36e5a-le64.cache-6
7efcfc095000-7efcfc09d000 r--s 00000000 08:05 7608930                    /var/cache/fontconfig/bf3b770c553c462765856025a94f1ce6-le64.cache-6
7efcfc09d000-7efcfc0a0000 ---p 00000000 00:00 0 
7efcfc0a0000-7efcfc19e000 rw-p 00000000 00:00 0 
7efcfc19e000-7efcfc1a1000 ---p 00000000 00:00 0 
7efcfc1a1000-7efcfc29f000 rw-p 00000000 00:00 0 
7efcfc29f000-7efcfc2a2000 ---p 00000000 00:00 0 
7efcfc2a2000-7efcfc5a0000 rw-p 00000000 00:00 0 
7efcfc5a0000-7efcfc5a3000 ---p 00000000 00:00 0 
7efcfc5a3000-7efcfc6a1000 rw-p 00000000 00:00 0 
7efcfc6a1000-7efcfc6a4000 ---p 00000000 00:00 0 
7efcfc6a4000-7efcfc7a2000 rw-p 00000000 00:00 0 
7efcfc7a2000-7efcfc7a5000 ---p 00000000 00:00 0 
7efcfc7a5000-7efcfc8a3000 rw-p 00000000 00:00 0 
7efcfc8a3000-7efcfc8a6000 ---p 00000000 00:00 0 
7efcfc8a6000-7efcfc9a4000 rw-p 00000000 00:00 0 
7efcfc9a4000-7efcfc9a7000 ---p 00000000 00:00 0 
7efcfc9a7000-7efcfcaa5000 rw-p 00000000 00:00 0 
7efcfcaa5000-7efcfcaa8000 ---p 00000000 00:00 0 
7efcfcaa8000-7efcfcba6000 rw-p 00000000 00:00 0 
7efcfcba6000-7efcfcba9000 ---p 00000000 00:00 0 
7efcfcba9000-7efcfcca7000 rw-p 00000000 00:00 0 
7efcfcca7000-7efcfccbe000 r-xp 00000000 08:05 4587617                    /lib/x86_64-linux-gnu/libresolv-2.23.so
7efcfccbe000-7efcfcebe000 ---p 00017000 08:05 4587617                    /lib/x86_64-linux-gnu/libresolv-2.23.so
7efcfcebe000-7efcfcebf000 r--p 00017000 08:05 4587617                    /lib/x86_64-linux-gnu/libresolv-2.23.so
7efcfcebf000-7efcfcec0000 rw-p 00018000 08:05 4587617                    /lib/x86_64-linux-gnu/libresolv-2.23.so
7efcfcec0000-7efcfcec2000 rw-p 00000000 00:00 0 
7efcfcec2000-7efcfcec7000 r-xp 00000000 08:05 4592126                    /lib/x86_64-linux-gnu/libnss_dns-2.23.so
7efcfcec7000-7efcfd0c7000 ---p 00005000 08:05 4592126                    /lib/x86_64-linux-gnu/libnss_dns-2.23.so
7efcfd0c7000-7efcfd0c8000 r--p 00005000 08:05 4592126                    /lib/x86_64-linux-gnu/libnss_dns-2.23.so
7efcfd0c8000-7efcfd0c9000 rw-p 00006000 08:05 4592126                    /lib/x86_64-linux-gnu/libnss_dns-2.23.so
7efcfd0c9000-7efcfd0cb000 r-xp 00000000 08:05 4592212                    /lib/x86_64-linux-gnu/libnss_mdns4_minimal.so.2
7efcfd0cb000-7efcfd2ca000 ---p 00002000 08:05 4592212                    /lib/x86_64-linux-gnu/libnss_mdns4_minimal.so.2
7efcfd2ca000-7efcfd2cb000 r--p 00001000 08:05 4592212                    /lib/x86_64-linux-gnu/libnss_mdns4_minimal.so.2
7efcfd2cb000-7efcfd2cc000 rw-p 00002000 08:05 4592212                    /lib/x86_64-linux-gnu/libnss_mdns4_minimal.so.2
7efcfd2cc000-7efcfd2cf000 ---p 00000000 00:00 0 
7efcfd2cf000-7efcfd3cd000 rw-p 00000000 00:00 0 
7efcfd3cd000-7efcfd3d0000 ---p 00000000 00:00 0 
7efcfd3d0000-7efcfd4ce000 rw-p 00000000 00:00 0 
7efcfd4ce000-7efcfd4df000 r-xp 00000000 08:05 2495556                    /usr/lib/jvm/java-8-oracle/jre/lib/amd64/libnio.so
7efcfd4df000-7efcfd6de000 ---p 00011000 08:05 2495556                    /usr/lib/jvm/java-8-oracle/jre/lib/amd64/libnio.so
7efcfd6de000-7efcfd6df000 rw-p 00010000 08:05 2495556                    /usr/lib/jvm/java-8-oracle/jre/lib/amd64/libnio.so
7efcfd6df000-7efcfd711000 r-xp 00000000 08:05 2495539                    /usr/lib/jvm/java-8-oracle/jre/lib/amd64/libsunec.so
7efcfd711000-7efcfd910000 ---p 00032000 08:05 2495539                    /usr/lib/jvm/java-8-oracle/jre/lib/amd64/libsunec.so
7efcfd910000-7efcfd916000 rw-p 00031000 08:05 2495539                    /usr/lib/jvm/java-8-oracle/jre/lib/amd64/libsunec.so
7efcfd916000-7efcfdb26000 rw-p 00000000 00:00 0 
7efcfdb26000-7efcfdb29000 ---p 00000000 00:00 0 
7efcfdb29000-7efcfdc27000 rw-p 00000000 00:00 0 
7efcfdc27000-7efcfdc2a000 ---p 00000000 00:00 0 
7efcfdc2a000-7efcfdd28000 rw-p 00000000 00:00 0 
7efcfdd28000-7efcfdd2b000 ---p 00000000 00:00 0 
7efcfdd2b000-7efcfe029000 rw-p 00000000 00:00 0 
7efcfe029000-7efcfe02c000 ---p 00000000 00:00 0 
7efcfe02c000-7efcfe12a000 rw-p 00000000 00:00 0 
7efcfe12a000-7efcfe12d000 ---p 00000000 00:00 0 
7efcfe12d000-7efcfe22b000 rw-p 00000000 00:00 0 
7efcfe22b000-7efcfe22e000 ---p 00000000 00:00 0 
7efcfe22e000-7efcfe32c000 rw-p 00000000 00:00 0 
7efcfe32c000-7efcfe331000 r-xp 00000000 08:05 6824116                    /usr/lib/x86_64-linux-gnu/libXfixes.so.3.1.0
7efcfe331000-7efcfe530000 ---p 00005000 08:05 6824116                    /usr/lib/x86_64-linux-gnu/libXfixes.so.3.1.0
7efcfe530000-7efcfe531000 r--p 00004000 08:05 6824116                    /usr/lib/x86_64-linux-gnu/libXfixes.so.3.1.0
7efcfe531000-7efcfe532000 rw-p 00005000 08:05 6824116                    /usr/lib/x86_64-linux-gnu/libXfixes.so.3.1.0
7efcfe532000-7efcfe53b000 r-xp 00000000 08:05 6824108                    /usr/lib/x86_64-linux-gnu/libXcursor.so.1.0.2
7efcfe53b000-7efcfe73a000 ---p 00009000 08:05 6824108                    /usr/lib/x86_64-linux-gnu/libXcursor.so.1.0.2
7efcfe73a000-7efcfe73b000 r--p 00008000 08:05 6824108                    /usr/lib/x86_64-linux-gnu/libXcursor.so.1.0.2
7efcfe73b000-7efcfe73c000 rw-p 00009000 08:05 6824108                    /usr/lib/x86_64-linux-gnu/libXcursor.so.1.0.2
7efcfe73c000-7efcfe73d000 r--s 00000000 08:05 7608932                    /var/cache/fontconfig/bab58bb527bb656aaa9f116d68a48d89-le64.cache-6
7efcfe73d000-7efcfe73e000 r--s 00000000 08:05 7608929                    /var/cache/fontconfig/56cf4f4769d0f4abc89a4895d7bd3ae1-le64.cache-6
7efcfe73e000-7efcfe744000 r--s 00000000 08:05 7608927                    /var/cache/fontconfig/b47c4e1ecd0709278f4910c18777a504-le64.cache-6
7efcfe744000-7efcfe757000 r--s 00000000 08:05 7608926                    /var/cache/fontconfig/d52a8644073d54c13679302ca1180695-le64.cache-6
7efcfe757000-7efcfe75b000 r--s 00000000 08:05 7608924                    /var/cache/fontconfig/d589a48862398ed80a3d6066f4f56f4c-le64.cache-6
7efcfe75b000-7efcfe769000 r--s 00000000 08:05 7608958                    /var/cache/fontconfig/30829fa25452a46451e813d634d7f916-le64.cache-6
7efcfe769000-7efcfe774000 r--s 00000000 08:05 7608481                    /var/cache/fontconfig/83bf95040141907cd45bb53cf7c1c148-le64.cache-6
7efcfe774000-7efcfe786000 r--s 00000000 08:05 7608384                    /var/cache/fontconfig/9b89f8e3dae116d678bbf48e5f21f69b-le64.cache-6
7efcfe786000-7efcfe789000 ---p 00000000 00:00 0 
7efcfe789000-7efcfe887000 rw-p 00000000 00:00 0 
7efcfe887000-7efcfe88a000 ---p 00000000 00:00 0 
7efcfe88a000-7efcfe988000 rw-p 00000000 00:00 0 
7efcfe988000-7efcfe98b000 ---p 00000000 00:00 0 
7efcfe98b000-7efcfec89000 rw-p 00000000 00:00 0 
7efcfec89000-7efcfec8c000 ---p 00000000 00:00 0 
7efcfec8c000-7efcff08b000 rw-p 00000000 00:00 0 
7efcff08b000-7efcff0a1000 r-xp 00000000 08:05 2495531                    /usr/lib/jvm/java-8-oracle/jre/lib/amd64/libnet.so
7efcff0a1000-7efcff2a1000 ---p 00016000 08:05 2495531                    /usr/lib/jvm/java-8-oracle/jre/lib/amd64/libnet.so
7efcff2a1000-7efcff2a2000 rw-p 00016000 08:05 2495531                    /usr/lib/jvm/java-8-oracle/jre/lib/amd64/libnet.so
7efcff2a2000-7efcff2b8000 r-xp 00000000 08:05 4592145                    /lib/x86_64-linux-gnu/libgcc_s.so.1
7efcff2b8000-7efcff4b7000 ---p 00016000 08:05 4592145                    /lib/x86_64-linux-gnu/libgcc_s.so.1
7efcff4b7000-7efcff4b8000 rw-p 00015000 08:05 4592145                    /lib/x86_64-linux-gnu/libgcc_s.so.1
7efcff4b8000-7efcff4b9000 r--s 00000000 08:05 7608928                    /var/cache/fontconfig/b9d506c9ac06c20b433354fa67a72993-le64.cache-6
7efcff4b9000-7efcff4ba000 r--s 00000000 08:05 7608925                    /var/cache/fontconfig/551ecf3b0e8b0bca0f25c0944f561853-le64.cache-6
7efcff4ba000-7efcff4bb000 r--s 00000000 08:05 7608922                    /var/cache/fontconfig/0c9eb80ebd1c36541ebe2852d3bb0c49-le64.cache-6
7efcff4bb000-7efcff4be000 r--s 00000000 08:05 7608715                    /var/cache/fontconfig/75114ca45c98e8a441da0ff356701271-le64.cache-6
7efcff4be000-7efcff4c0000 r--s 00000000 08:05 7602517                    /var/cache/fontconfig/62f91419b9ebdb6975e7e41ab6412357-le64.cache-6
7efcff4c0000-7efcff4cd000 r--s 00000000 08:05 7607603                    /var/cache/fontconfig/e13b20fdb08344e0e664864cc2ede53d-le64.cache-6
7efcff4cd000-7efcff4d1000 r--s 00000000 08:05 7607469                    /var/cache/fontconfig/7ef2298fde41cc6eeb7af42e48b7d293-le64.cache-6
7efcff4d1000-7efcff4d7000 r--s 0003f000 08:05 2495633                    /usr/lib/jvm/java-8-oracle/jre/lib/ext/sunjce_provider.jar
7efcff4d7000-7efcff4d9000 r--s 00009000 08:05 2495632                    /usr/lib/jvm/java-8-oracle/jre/lib/ext/sunec.jar
7efcff4d9000-7efcff4dc000 r--s 0001a000 08:05 2495615                    /usr/lib/jvm/java-8-oracle/jre/lib/jce.jar
7efcff4dc000-7efcff4f8000 r--s 00393000 08:05 2495638                    /usr/lib/jvm/java-8-oracle/jre/lib/ext/cldrdata.jar
7efcff4f8000-7efcff502000 r--s 00116000 08:05 2495635                    /usr/lib/jvm/java-8-oracle/jre/lib/ext/localedata.jar
7efcff502000-7efcff567000 r-xp 00000000 08:05 2495550                    /usr/lib/jvm/java-8-oracle/jre/lib/amd64/libfontmanager.so
7efcff567000-7efcff766000 ---p 00065000 08:05 2495550                    /usr/lib/jvm/java-8-oracle/jre/lib/amd64/libfontmanager.so
7efcff766000-7efcff76b000 rw-p 00064000 08:05 2495550                    /usr/lib/jvm/java-8-oracle/jre/lib/amd64/libfontmanager.so
7efcff76b000-7efcff77b000 rw-p 00000000 00:00 0 
7efcff77b000-7efcff782000 r--s 00000000 08:05 7089334                    /usr/lib/x86_64-linux-gnu/gconv/gconv-modules.cache
7efcff782000-7efcff79b000 r--p 00000000 08:05 7736690                    /usr/share/locale-langpack/pt/LC_MESSAGES/libc.mo
7efcff79b000-7efcff7a1000 r--s 00036000 08:05 3552701                    /home/danfergo/.gradle/caches/modules-2/files-2.1/junit/junit/4.11/4e031bb61df09069aeb2bffb4019e7a5034a4ee0/junit-4.11.jar
7efcff7a1000-7efcff7a6000 r--s 00016000 08:05 3552700                    /home/danfergo/.gradle/caches/modules-2/files-2.1/xml-apis/xml-apis/2.0.2/3136ca936f64c9d68529f048c2618bd356bf85c9/xml-apis-2.0.2.jar
7efcff7a6000-7efcff7c4000 r--s 0027d000 08:05 3552697                    /home/danfergo/.gradle/caches/modules-2/files-2.1/xalan/xalan/2.7.0/a33c0097f1c70b20fa7ded220ea317eb3500515e/xalan-2.7.0.jar
7efcff7c4000-7efcff7c9000 r-xp 00000000 08:05 6824112                    /usr/lib/x86_64-linux-gnu/libXdmcp.so.6.0.0
7efcff7c9000-7efcff9c8000 ---p 00005000 08:05 6824112                    /usr/lib/x86_64-linux-gnu/libXdmcp.so.6.0.0
7efcff9c8000-7efcff9c9000 r--p 00004000 08:05 6824112                    /usr/lib/x86_64-linux-gnu/libXdmcp.so.6.0.0
7efcff9c9000-7efcff9ca000 rw-p 00005000 08:05 6824112                    /usr/lib/x86_64-linux-gnu/libXdmcp.so.6.0.0
7efcff9ca000-7efcff9cc000 r-xp 00000000 08:05 6824101                    /usr/lib/x86_64-linux-gnu/libXau.so.6.0.0
7efcff9cc000-7efcffbcc000 ---p 00002000 08:05 6824101                    /usr/lib/x86_64-linux-gnu/libXau.so.6.0.0
7efcffbcc000-7efcffbcd000 r--p 00002000 08:05 6824101                    /usr/lib/x86_64-linux-gnu/libXau.so.6.0.0
7efcffbcd000-7efcffbce000 rw-p 00003000 08:05 6824101                    /usr/lib/x86_64-linux-gnu/libXau.so.6.0.0
7efcffbce000-7efcffbef000 r-xp 00000000 08:05 6825479                    /usr/lib/x86_64-linux-gnu/libxcb.so.1.1.0
7efcffbef000-7efcffdee000 ---p 00021000 08:05 6825479                    /usr/lib/x86_64-linux-gnu/libxcb.so.1.1.0
7efcffdee000-7efcffdef000 r--p 00020000 08:05 6825479                    /usr/lib/x86_64-linux-gnu/libxcb.so.1.1.0
7efcffdef000-7efcffdf0000 rw-p 00021000 08:05 6825479                    /usr/lib/x86_64-linux-gnu/libxcb.so.1.1.0
7efcffdf0000-7efcffdff000 r-xp 00000000 08:05 6824122                    /usr/lib/x86_64-linux-gnu/libXi.so.6.1.0
7efcffdff000-7efcffffe000 ---p 0000f000 08:05 6824122                    /usr/lib/x86_64-linux-gnu/libXi.so.6.1.0
7efcffffe000-7efcfffff000 r--p 0000e000 08:05 6824122                    /usr/lib/x86_64-linux-gnu/libXi.so.6.1.0
7efcfffff000-7efd00000000 rw-p 0000f000 08:05 6824122                    /usr/lib/x86_64-linux-gnu/libXi.so.6.1.0
7efd00000000-7efd00021000 rw-p 00000000 00:00 0 
7efd00021000-7efd04000000 ---p 00000000 00:00 0 
7efd04000000-7efd04021000 rw-p 00000000 00:00 0 
7efd04021000-7efd08000000 ---p 00000000 00:00 0 
7efd08000000-7efd0842b000 rw-p 00000000 00:00 0 
7efd0842b000-7efd0c000000 ---p 00000000 00:00 0 
7efd0c000000-7efd0c5f0000 rw-p 00000000 00:00 0 
7efd0c5f0000-7efd10000000 ---p 00000000 00:00 0 
7efd10000000-7efd10809000 rw-p 00000000 00:00 0 
7efd10809000-7efd14000000 ---p 00000000 00:00 0 
7efd14000000-7efd153dc000 rw-p 00000000 00:00 0 
7efd153dc000-7efd18000000 ---p 00000000 00:00 0 
7efd18000000-7efd18021000 rw-p 00000000 00:00 0 
7efd18021000-7efd1c000000 ---p 00000000 00:00 0 
7efd1c000000-7efd1c021000 rw-p 00000000 00:00 0 
7efd1c021000-7efd20000000 ---p 00000000 00:00 0 
7efd20000000-7efd20112000 rw-p 00000000 00:00 0 
7efd20112000-7efd24000000 ---p 00000000 00:00 0 
7efd24000000-7efd24021000 rw-p 00000000 00:00 0 
7efd24021000-7efd28000000 ---p 00000000 00:00 0 
7efd28000000-7efd28021000 rw-p 00000000 00:00 0 
7efd28021000-7efd2c000000 ---p 00000000 00:00 0 
7efd2c000000-7efd2c004000 r--s 00097000 08:05 2495475                    /usr/lib/jvm/java-8-oracle/jre/lib/jsse.jar
7efd2c004000-7efd2c009000 r--s 00027000 08:05 3552699                    /home/danfergo/.gradle/caches/modules-2/files-2.1/org.apache.xmlgraphics/batik-svggen/1.8/c4684e18303e931845df704f9b9f6995fd770789/batik-svggen-1.8.jar
7efd2c009000-7efd2c00e000 r--s 00010000 08:05 3552698                    /home/danfergo/.gradle/caches/modules-2/files-2.1/xml-apis/xml-apis-ext/1.3.04/41a8b86b358e87f3f13cf46069721719105aff66/xml-apis-ext-1.3.04.jar
7efd2c00e000-7efd2c013000 r--s 00031000 08:05 3552695                    /home/danfergo/.gradle/caches/modules-2/files-2.1/org.apache.xmlgraphics/batik-svg-dom/1.8/97c9d00d08c849066d2359b0f1124f0e82b952c2/batik-svg-dom-1.8.jar
7efd2c013000-7efd2c015000 r--s 00003000 08:05 3552693                    /home/danfergo/.gradle/caches/modules-2/files-2.1/org.apache.xmlgraphics/batik-script/1.8/5bda6a9d45065b184c83c46b64d8002b4e0ab7c7/batik-script-1.8.jar
7efd2c015000-7efd2c018000 r--s 0000b000 08:05 3552692                    /home/danfergo/.gradle/caches/modules-2/files-2.1/org.apache.xmlgraphics/batik-parser/1.8/86ec4ab0c828b570d0ccbeba14f85ac011a333f2/batik-parser-1.8.jar
7efd2c018000-7efd2c01c000 r--s 00020000 08:05 3552691                    /home/danfergo/.gradle/caches/modules-2/files-2.1/org.apache.xmlgraphics/batik-gvt/1.8/fbde4cd3c43001c162446cf43093d09fda346e11/batik-gvt-1.8.jar
7efd2c01c000-7efd2c020000 r--s 0001f000 08:05 3552686                    /home/danfergo/.gradle/caches/modules-2/files-2.1/org.apache.xmlgraphics/batik-dom/1.8/4e696cf01cee52e8c4f86c842b5d8314e689209c/batik-dom-1.8.jar
7efd2c020000-7efd2c027000 r--s 00038000 08:05 3552684                    /home/danfergo/.gradle/caches/modules-2/files-2.1/org.apache.xmlgraphics/batik-css/1.8/2b3f22cc65702a0821b7f0178d055282a1cdde59/batik-css-1.8.jar
7efd2c027000-7efd2c033000 r--s 00051000 08:05 3552679                    /home/danfergo/.gradle/caches/modules-2/files-2.1/org.apache.xmlgraphics/batik-anim/1.8/68197dfa3643a906ba250025a03dc42e6efe2dec/batik-anim-1.8.jar
7efd2c033000-7efd2c038000 r--s 00068000 08:05 3552677                    /home/danfergo/.gradle/caches/modules-2/files-2.1/antlr/antlr/2.7.7/83cd2cd674a217ade95a4bb83a8a14f351f48bd0/antlr-2.7.7.jar
7efd2c038000-7efd2c03a000 r--s 00008000 08:05 3552676                    /home/danfergo/.gradle/caches/modules-2/files-2.1/commons-logging/commons-logging/1.0.4/f029a2aefe2b3e1517573c580f948caac31b1056/commons-logging-1.0.4.jar
7efd2c03a000-7efd2c03d000 r--s 00012000 08:05 3552675                    /home/danfergo/.gradle/caches/modules-2/files-2.1/commons-io/commons-io/1.3.1/b90b6ac57cf27a2858eaa490d02ba7945d18ca7b/commons-io-1.3.1.jar
7efd2c03d000-7efd2c040000 r--s 00018000 08:05 3552674                    /home/danfergo/.gradle/caches/modules-2/files-2.1/org.apache.xmlgraphics/batik-util/1.8/35dcd204f397d6976290ca48ffa0011ba9b7ef43/batik-util-1.8.jar
7efd2c040000-7efd2c043000 r--s 00014000 08:05 3552673                    /home/danfergo/.gradle/caches/modules-2/files-2.1/org.apache.xmlgraphics/batik-transcoder/1.8/f330b3e9946ff21ddf3ea6d4f58ae44145cfd362/batik-transcoder-1.8.jar
7efd2c043000-7efd2c04f000 r--s 00076000 08:05 3552639                    /home/danfergo/.gradle/caches/modules-2/files-2.1/org.apache.xmlgraphics/batik-bridge/1.8/4ab4110b0ed4650ef50d4a344f0ca5c027f3283a/batik-bridge-1.8.jar
7efd2c04f000-7efd2c056000 r--s 00043000 08:05 3552671                    /home/danfergo/.gradle/caches/modules-2/files-2.1/org.apache.xmlgraphics/batik-awt-util/1.8/5cd7f97060cdfab0139e70504962d48ceee71ef2/batik-awt-util-1.8.jar
7efd2c056000-7efd2c059000 r--s 00027000 08:05 3552667                    /home/danfergo/.gradle/caches/modules-2/files-2.1/org.antlr/stringtemplate/3.2/6fe2e3bb57daebd1555494818909f9664376dd6c/stringtemplate-3.2.jar
7efd2c059000-7efd2c06e000 r--s 001b0000 08:05 3552640                    /home/danfergo/.gradle/caches/modules-2/files-2.1/net.java.dev.jna/jna-platform/4.2.1/440e1b36d1b68fb0360ebf66d9544c3f9d9f15ef/jna-platform-4.2.1.jar
7efd2c06e000-7efd2c072000 r--s 00112000 08:05 3552664                    /home/danfergo/.gradle/caches/modules-2/files-2.1/net.java.dev.jna/jna/4.2.1/fcc5b10cb812c41b00708e7b57baccc3aee5567c/jna-4.2.1.jar
7efd2c072000-7efd2c094000 r--s 00121000 08:05 3552662                    /home/danfergo/.gradle/caches/modules-2/files-2.1/com.madgag.spongycastle/prov/1.54.0.0/2761c67fdffa21ffcd73cfb8c3acd52ca8866694/prov-1.54.0.0.jar
7efd2c094000-7efd2c0bf000 r--s 0026d000 08:05 3552646                    /home/danfergo/.gradle/caches/modules-2/files-2.1/com.madgag.spongycastle/core/1.54.0.0/de79c5f8c67234f0d0073e00ed1f3bab0e5d1e67/core-1.54.0.0.jar
7efd2c0bf000-7efd2c0c6000 r--s 00028000 08:05 3552645                    /home/danfergo/.gradle/caches/modules-2/files-2.1/concurrent/concurrent/1.3.4/1cf394c2a388199db550cda311174a4c6a7d117c/concurrent-1.3.4.jar
7efd2c0c6000-7efd2c0d2000 r--s 00092000 08:05 3552644                    /home/danfergo/.gradle/caches/modules-2/files-2.1/org.apache.xmlgraphics/xmlgraphics-commons/2.1/b61132defe1df4e91c1eb0ddf544958c50d358b5/xmlgraphics-commons-2.1.jar
7efd2c0d2000-7efd2c18a000 r--s 009e1000 08:05 3550189                    /home/danfergo/.gradle/caches/modules-2/files-2.1/org.activecomponents.jadex/jadex-editor-bpmn/3.0.43/42893715f137b99ae83af165504a01b1d1621c92/jadex-editor-bpmn-3.0.43.jar
7efd2c18a000-7efd2c18f000 r-xp 00000000 08:05 6824140                    /usr/lib/x86_64-linux-gnu/libXtst.so.6.1.0
7efd2c18f000-7efd2c38e000 ---p 00005000 08:05 6824140                    /usr/lib/x86_64-linux-gnu/libXtst.so.6.1.0
7efd2c38e000-7efd2c38f000 r--p 00004000 08:05 6824140                    /usr/lib/x86_64-linux-gnu/libXtst.so.6.1.0
7efd2c38f000-7efd2c390000 rw-p 00005000 08:05 6824140                    /usr/lib/x86_64-linux-gnu/libXtst.so.6.1.0
7efd2c390000-7efd34000000 rw-p 00000000 00:00 0 
7efd34000000-7efd34021000 rw-p 00000000 00:00 0 
7efd34021000-7efd38000000 ---p 00000000 00:00 0 
7efd38000000-7efd38021000 rw-p 00000000 00:00 0 
7efd38021000-7efd3c000000 ---p 00000000 00:00 0 
7efd3c000000-7efd3c021000 rw-p 00000000 00:00 0 
7efd3c021000-7efd40000000 ---p 00000000 00:00 0 
7efd40000000-7efd40021000 rw-p 00000000 00:00 0 
7efd40021000-7efd44000000 ---p 00000000 00:00 0 
7efd44000000-7efd44001000 r--s 00006000 08:05 3552696                    /home/danfergo/.gradle/caches/modules-2/files-2.1/org.apache.xmlgraphics/batik-xml/1.8/9bf0ee759fed1e3a2e4ad41819eac69ff4873732/batik-xml-1.8.jar
7efd44001000-7efd44003000 r--s 0000e000 08:05 3552666                    /home/danfergo/.gradle/caches/modules-2/files-2.1/javax.activation/activation/1.1/e6cb541461c2834bdea3eb920f1884d1eb508b50/activation-1.1.jar
7efd44003000-7efd44006000 r--s 00018000 08:05 3552643                    /home/danfergo/.gradle/caches/modules-2/files-2.1/org.apache.xmlgraphics/batik-codec/1.8/429d7a245b7c771c0014acb8ef44800ff5417a2/batik-codec-1.8.jar
7efd44006000-7efd44011000 r--s 000b6000 08:05 3552642                    /home/danfergo/.gradle/caches/modules-2/files-2.1/org.tinyjee.jgraphx/jgraphx/3.4.1.3/a62939cbd5af2dff663e91d061b3e4edc7b8df85/jgraphx-3.4.1.3.jar
7efd44011000-7efd44014000 r--s 00018000 08:05 3552641                    /home/danfergo/.gradle/caches/modules-2/files-2.1/org.activecomponents.jadex/jadex-model-bpmn/3.0.43/71e06a6f28208cdd45149826ae710e7198767dff/jadex-model-bpmn-3.0.43.jar
7efd44014000-7efd44019000 r--s 00036000 08:05 3550193                    /home/danfergo/.gradle/caches/modules-2/files-2.1/org.ow2.asm/asm-all/5.0.3/4333508b8dd8ee72aa4e39afa713b3a74579b773/asm-all-5.0.3.jar
7efd44019000-7efd4401b000 r--s 00009000 08:05 3549160                    /home/danfergo/.gradle/caches/modules-2/files-2.1/org.activecomponents.jadex/jadex-rules-eca/3.0.43/ce68e1408a2a96c3c763dd6547dea3a57cbe3e1f/jadex-rules-eca-3.0.43.jar
7efd4401b000-7efd4401e000 r--s 00022000 08:05 3552626                    /home/danfergo/.gradle/caches/modules-2/files-2.1/org.antlr/antlr-runtime/3.1.3/3154e3dfd5b7466df8f5151a95be70584f74f76c/antlr-runtime-3.1.3.jar
7efd4401e000-7efd44026000 r--s 00075000 08:05 3552619                    /home/danfergo/.gradle/caches/modules-2/files-2.1/javax.mail/mail/1.4.5/85319c87280f30e1afc54c355f91f44741beac49/mail-1.4.5.jar
7efd44026000-7efd44029000 r--s 00011000 08:05 3552537                    /home/danfergo/.gradle/caches/modules-2/files-2.1/org.activecomponents.jadex/jadex-kernel-base/3.0.43/bfb16d642fec14481b3e59abc9d8c483ed3e087a/jadex-kernel-base-3.0.43.jar
7efd44029000-7efd4402b000 r--s 0001b000 08:05 3552393                    /home/danfergo/.gradle/caches/modules-2/files-2.1/org.activecomponents.jadex/jadex-javaparser/3.0.43/59d145b1455fd9ca995625e1479dd23326cf4c13/jadex-javaparser-3.0.43.jar
7efd4402b000-7efd4402d000 r--s 00005000 08:05 3550236                    /home/danfergo/.gradle/caches/modules-2/files-2.1/org.activecomponents.jadex/jadex-kernel-application/3.0.43/48ae4f6147b9867d7dbc686334f27ecfa620d92d/jadex-kernel-application-3.0.43.jar
7efd4402d000-7efd4402f000 r--s 00005000 08:05 3550239                    /home/danfergo/.gradle/caches/modules-2/files-2.1/org.activecomponents.jadex/jadex-kernel-component/3.0.43/7dd6c00346da371ccf168957d14feb8df6773db1/jadex-kernel-component-3.0.43.jar
7efd4402f000-7efd44035000 r--s 00036000 08:05 3550237                    /home/danfergo/.gradle/caches/modules-2/files-2.1/org.activecomponents.jadex/jadex-commons-gui/3.0.43/f58171272a11fdc255f75c1eb6670284594190ce/jadex-commons-gui-3.0.43.jar
7efd44035000-7efd44043000 r--s 00081000 08:05 3550232                    /home/danfergo/.gradle/caches/modules-2/files-2.1/colt/colt/1.2.0/abc984f3adc760684d49e0f11ddf167ba516d4f/colt-1.2.0.jar
7efd44043000-7efd4404c000 r-xp 00000000 08:05 6824134                    /usr/lib/x86_64-linux-gnu/libXrender.so.1.3.0
7efd4404c000-7efd4424b000 ---p 00009000 08:05 6824134                    /usr/lib/x86_64-linux-gnu/libXrender.so.1.3.0
7efd4424b000-7efd4424c000 r--p 00008000 08:05 6824134                    /usr/lib/x86_64-linux-gnu/libXrender.so.1.3.0
7efd4424c000-7efd4424d000 rw-p 00009000 08:05 6824134                    /usr/lib/x86_64-linux-gnu/libXrender.so.1.3.0
7efd4424d000-7efd44382000 r-xp 00000000 08:05 6824097                    /usr/lib/x86_64-linux-gnu/libX11.so.6.3.0
7efd44382000-7efd44582000 ---p 00135000 08:05 6824097                    /usr/lib/x86_64-linux-gnu/libX11.so.6.3.0
7efd44582000-7efd44583000 r--p 00135000 08:05 6824097                    /usr/lib/x86_64-linux-gnu/libX11.so.6.3.0
7efd44583000-7efd44587000 rw-p 00136000 08:05 6824097                    /usr/lib/x86_64-linux-gnu/libX11.so.6.3.0
7efd44587000-7efd44598000 r-xp 00000000 08:05 6824114                    /usr/lib/x86_64-linux-gnu/libXext.so.6.4.0
7efd44598000-7efd44797000 ---p 00011000 08:05 6824114                    /usr/lib/x86_64-linux-gnu/libXext.so.6.4.0
7efd44797000-7efd44798000 r--p 00010000 08:05 6824114                    /usr/lib/x86_64-linux-gnu/libXext.so.6.4.0
7efd44798000-7efd44799000 rw-p 00011000 08:05 6824114                    /usr/lib/x86_64-linux-gnu/libXext.so.6.4.0
7efd44799000-7efd447a5000 r--s 00076000 08:05 3550238                    /home/danfergo/.gradle/caches/modules-2/files-2.1/net.sourceforge.collections/collections-generic/4.01/12dddecd8e8c24f5c9453a6d3ecb13b38e59db52/collections-generic-4.01.jar
7efd447a5000-7efd447a8000 r--s 00008000 08:05 3550205                    /home/danfergo/.gradle/caches/modules-2/files-2.1/net.sf.jung/jung-api/2.0.1/843d5ccb44dd310ed0e36cb9b776baa0391515a2/jung-api-2.0.1.jar
7efd447a8000-7efd447ad000 r--s 00034000 08:05 3550196                    /home/danfergo/.gradle/caches/modules-2/files-2.1/net.sf.jung/jung-algorithms/2.0.1/bc6983fcf65c451eedd5080795ef481fcf84b509/jung-algorithms-2.0.1.jar
7efd447ad000-7efd447af000 r--s 0000e000 08:05 3550201                    /home/danfergo/.gradle/caches/modules-2/files-2.1/net.sf.jung/jung-graph-impl/2.0.1/37e4cbe198ca7ffd2238ebfee8c5d84d6d79e1c2/jung-graph-impl-2.0.1.jar
7efd447af000-7efd447b7000 r--s 00048000 08:05 3550203                    /home/danfergo/.gradle/caches/modules-2/files-2.1/net.sf.jung/jung-visualization/2.0.1/128430bd695571135c038c86541fc21129416584/jung-visualization-2.0.1.jar
7efd447b7000-7efd447bd000 r--s 00046000 08:05 3550191                    /home/danfergo/.gradle/caches/modules-2/files-2.1/jfree/jcommon/1.0.15/6495e4f3777a24fd34c1544a8606243a600365c3/jcommon-1.0.15.jar
7efd447bd000-7efd447cd000 r--s 0013f000 08:05 3550190                    /home/danfergo/.gradle/caches/modules-2/files-2.1/jfree/jfreechart/1.0.12/47e8a2e9e052d292e416a6fd5292a77b54c48fac/jfreechart-1.0.12.jar
7efd447cd000-7efd447d3000 r--s 0003e000 08:05 3550188                    /home/danfergo/.gradle/caches/modules-2/files-2.1/org.activecomponents.jadex/jadex-kernel-bpmn/3.0.43/ee5f81eea7a47ce6d726b9fdf3987ada13dacf39/jadex-kernel-bpmn-3.0.43.jar
7efd447d3000-7efd447de000 r--s 0008e000 08:05 3550187                    /home/danfergo/.gradle/caches/modules-2/files-2.1/org.activecomponents.jadex/jadex-kernel-bdiv3/3.0.43/3280f6b4023e614811820ae30fd8a8ea9d08bd8e/jadex-kernel-bdiv3-3.0.43.jar
7efd447de000-7efd447e3000 r--s 002f9000 08:05 2495476                    /usr/lib/jvm/java-8-oracle/jre/lib/charsets.jar
7efd447e3000-7efd44837000 r-xp 00000000 08:05 2495558                    /usr/lib/jvm/java-8-oracle/jre/lib/amd64/libawt_xawt.so
7efd44837000-7efd44a37000 ---p 00054000 08:05 2495558                    /usr/lib/jvm/java-8-oracle/jre/lib/amd64/libawt_xawt.so
7efd44a37000-7efd44a3b000 rw-p 00054000 08:05 2495558                    /usr/lib/jvm/java-8-oracle/jre/lib/amd64/libawt_xawt.so
7efd44a3b000-7efd44a3c000 rw-p 00000000 00:00 0 
7efd44a3c000-7efd44ade000 r-xp 00000000 08:05 2495585                    /usr/lib/jvm/java-8-oracle/jre/lib/amd64/libawt.so
7efd44ade000-7efd44cde000 ---p 000a2000 08:05 2495585                    /usr/lib/jvm/java-8-oracle/jre/lib/amd64/libawt.so
7efd44cde000-7efd44cea000 rw-p 000a2000 08:05 2495585                    /usr/lib/jvm/java-8-oracle/jre/lib/amd64/libawt.so
7efd44cea000-7efd44d0e000 rw-p 00000000 00:00 0 
7efd44d0e000-7efd44d29000 r--s 00109000 08:05 3550186                    /home/danfergo/.gradle/caches/modules-2/files-2.1/org.activecomponents.jadex/jadex-bridge/3.0.43/4eca145f6d4d9aacf570186f2c07cf6f738741e7/jadex-bridge-3.0.43.jar
7efd44d29000-7efd44d36000 r--s 000b2000 08:05 3550185                    /home/danfergo/.gradle/caches/modules-2/files-2.1/org.activecomponents.jadex/jadex-commons/3.0.43/fa9cfb14df16bd3b34ae0cae8e3bf7e4fd28d2d6/jadex-commons-3.0.43.jar
7efd44d36000-7efd44d3a000 r--s 00027000 08:05 3550184                    /home/danfergo/.gradle/caches/modules-2/files-2.1/org.activecomponents.jadex/jadex-xml/3.0.43/a5a0782fe09acd7a737712bf7a2727a9cca84ba9/jadex-xml-3.0.43.jar
7efd44d3a000-7efd44d40000 r--s 00065000 08:05 3550176                    /home/danfergo/.gradle/caches/modules-2/files-2.1/org.activecomponents.jadex/jadex-rules/3.0.43/f182e1ae7c4a07e76c694cdff7f6e134e6e36327/jadex-rules-3.0.43.jar
7efd44d40000-7efd44d4d000 r--s 00095000 08:05 3550182                    /home/danfergo/.gradle/caches/modules-2/files-2.1/org.activecomponents.jadex/jadex-tools-base-swing/3.0.43/cefb040eecd1e890b0d7cd0cdf99ac8d5cad3820/jadex-tools-base-swing-3.0.43.jar
7efd44d4d000-7efd44d63000 r--s 000f6000 08:05 3550181                    /home/danfergo/.gradle/caches/modules-2/files-2.1/org.activecomponents.jadex/jadex-platform/3.0.43/ecd984091d082ce4c26da6d3b8ef1e94a386598e/jadex-platform-3.0.43.jar
7efd44d63000-7efd44d64000 ---p 00000000 00:00 0 
7efd44d64000-7efd44e64000 rw-p 00000000 00:00 0 
7efd44e64000-7efd44e67000 ---p 00000000 00:00 0 
7efd44e67000-7efd44f65000 rw-p 00000000 00:00 0 
7efd44f65000-7efd44f68000 ---p 00000000 00:00 0 
7efd44f68000-7efd45066000 rw-p 00000000 00:00 0 
7efd45066000-7efd45069000 ---p 00000000 00:00 0 
7efd45069000-7efd45167000 rw-p 00000000 00:00 0 
7efd45167000-7efd4516a000 ---p 00000000 00:00 0 
7efd4516a000-7efd45268000 rw-p 00000000 00:00 0 
7efd45268000-7efd4526b000 ---p 00000000 00:00 0 
7efd4526b000-7efd45369000 rw-p 00000000 00:00 0 
7efd45369000-7efd4536c000 ---p 00000000 00:00 0 
7efd4536c000-7efd4546a000 rw-p 00000000 00:00 0 
7efd4546a000-7efd45744000 r--p 00000000 08:05 6816661                    /usr/lib/locale/locale-archive
7efd45744000-7efd45747000 ---p 00000000 00:00 0 
7efd45747000-7efd45845000 rw-p 00000000 00:00 0 
7efd45845000-7efd45848000 ---p 00000000 00:00 0 
7efd45848000-7efd45946000 rw-p 00000000 00:00 0 
7efd45946000-7efd45947000 ---p 00000000 00:00 0 
7efd45947000-7efd47628000 rw-p 00000000 00:00 0 
7efd47628000-7efd47800000 r--s 03d2a000 08:05 2495523                    /usr/lib/jvm/java-8-oracle/jre/lib/rt.jar
7efd47800000-7efd48000000 rw-p 00000000 00:00 0 
7efd48000000-7efd48021000 rw-p 00000000 00:00 0 
7efd48021000-7efd4c000000 ---p 00000000 00:00 0 
7efd4c000000-7efd4c021000 rw-p 00000000 00:00 0 
7efd4c021000-7efd50000000 ---p 00000000 00:00 0 
7efd50000000-7efd50021000 rw-p 00000000 00:00 0 
7efd50021000-7efd54000000 ---p 00000000 00:00 0 
7efd54000000-7efd54001000 r--s 00002000 08:05 3552690                    /home/danfergo/.gradle/caches/modules-2/files-2.1/org.apache.xmlgraphics/batik-ext/1.8/8713f3238cfac337624a90c3ad7d45d7bc6fb1b5/batik-ext-1.8.jar
7efd54001000-7efd5400a000 r--s 00064000 08:05 3550179                    /home/danfergo/.gradle/caches/modules-2/files-2.1/org.activecomponents.jadex/jadex-kernel-extension-envsupport/3.0.43/537ec9f21ae11df15fceea9f6bb94de0e910009b/jadex-kernel-extension-envsupport-3.0.43.jar
7efd5400a000-7efd548f9000 rw-p 00000000 00:00 0 
7efd548f9000-7efd548fa000 ---p 00000000 00:00 0 
7efd548fa000-7efd549fa000 rw-p 00000000 00:00 0 
7efd549fa000-7efd549fb000 ---p 00000000 00:00 0 
7efd549fb000-7efd54afb000 rw-p 00000000 00:00 0 
7efd54afb000-7efd54afc000 ---p 00000000 00:00 0 
7efd54afc000-7efd54bfc000 rw-p 00000000 00:00 0 
7efd54bfc000-7efd54bfd000 ---p 00000000 00:00 0 
7efd54bfd000-7efd54cfd000 rw-p 00000000 00:00 0 
7efd54cfd000-7efd54cfe000 ---p 00000000 00:00 0 
7efd54cfe000-7efd54dfe000 rw-p 00000000 00:00 0 
7efd54dfe000-7efd54dff000 ---p 00000000 00:00 0 
7efd54dff000-7efd54eff000 rw-p 00000000 00:00 0 
7efd54eff000-7efd54f00000 ---p 00000000 00:00 0 
7efd54f00000-7efd55000000 rw-p 00000000 00:00 0 
7efd55000000-7efd55a80000 rwxp 00000000 00:00 0 
7efd55a80000-7efd64000000 ---p 00000000 00:00 0 
7efd64000000-7efd64778000 rw-p 00000000 00:00 0 
7efd64778000-7efd68000000 ---p 00000000 00:00 0 
7efd68000000-7efd68001000 r--s 00002000 08:05 3552625                    /home/danfergo/.gradle/caches/modules-2/files-2.1/org.activecomponents.jadex/jadex-tools-base/3.0.43/ff27daeab5d75756724b89fc49ed26b98c4d46fb/jadex-tools-base-3.0.43.jar
7efd68001000-7efd68004000 r--s 00018000 08:05 3550180                    /home/danfergo/.gradle/caches/modules-2/files-2.1/org.activecomponents.jadex/jadex-kernel-micro/3.0.43/5133638939565af516c5f5a24d33641a176d58ca/jadex-kernel-micro-3.0.43.jar
7efd68004000-7efd68006000 r--s 00009000 08:05 3558875                    /home/danfergo/.gradle/caches/modules-2/files-2.1/org.hamcrest/hamcrest-core/1.3/42a25dc3219429f0e5d060061f71acb49bf010a0/hamcrest-core-1.3.jar
7efd68006000-7efd6800a000 r--s 0001c000 08:05 3549128                    /home/danfergo/.gradle/caches/modules-2/files-2.1/org.activecomponents.jadex/jadex-rules-tools/3.0.43/aa33a5c8762e3e4e81c24d1a102ae3d9e4eb24be/jadex-rules-tools-3.0.43.jar
7efd6800a000-7efd6801f000 r--s 00146000 08:05 3550171                    /home/danfergo/.gradle/caches/modules-2/files-2.1/org.activecomponents.jadex/jadex-runtimetools-swing/3.0.43/81b6215c4be902d21a2e8bf1261f01bc46e325d5/jadex-runtimetools-swing-3.0.43.jar
7efd6801f000-7efd68020000 ---p 00000000 00:00 0 
7efd68020000-7efd68159000 rw-p 00000000 00:00 0 
7efd68159000-7efd68650000 ---p 00000000 00:00 0 
7efd68650000-7efd68689000 rw-p 00000000 00:00 0 
7efd68689000-7efd68b7f000 ---p 00000000 00:00 0 
7efd68b7f000-7efd68bc9000 rw-p 00000000 00:00 0 
7efd68bc9000-7efd68e17000 ---p 00000000 00:00 0 
7efd68e17000-7efd68e42000 rw-p 00000000 00:00 0 
7efd68e42000-7efd691d8000 ---p 00000000 00:00 0 
7efd691d8000-7efd691f2000 r-xp 00000000 08:05 2495554                    /usr/lib/jvm/java-8-oracle/jre/lib/amd64/libzip.so
7efd691f2000-7efd693f2000 ---p 0001a000 08:05 2495554                    /usr/lib/jvm/java-8-oracle/jre/lib/amd64/libzip.so
7efd693f2000-7efd693f3000 rw-p 0001a000 08:05 2495554                    /usr/lib/jvm/java-8-oracle/jre/lib/amd64/libzip.so
7efd693f3000-7efd693fe000 r-xp 00000000 08:05 4587612                    /lib/x86_64-linux-gnu/libnss_files-2.23.so
7efd693fe000-7efd695fd000 ---p 0000b000 08:05 4587612                    /lib/x86_64-linux-gnu/libnss_files-2.23.so
7efd695fd000-7efd695fe000 r--p 0000a000 08:05 4587612                    /lib/x86_64-linux-gnu/libnss_files-2.23.so
7efd695fe000-7efd695ff000 rw-p 0000b000 08:05 4587612                    /lib/x86_64-linux-gnu/libnss_files-2.23.so
7efd695ff000-7efd69605000 rw-p 00000000 00:00 0 
7efd69605000-7efd69610000 r-xp 00000000 08:05 4587609                    /lib/x86_64-linux-gnu/libnss_nis-2.23.so
7efd69610000-7efd6980f000 ---p 0000b000 08:05 4587609                    /lib/x86_64-linux-gnu/libnss_nis-2.23.so
7efd6980f000-7efd69810000 r--p 0000a000 08:05 4587609                    /lib/x86_64-linux-gnu/libnss_nis-2.23.so
7efd69810000-7efd69811000 rw-p 0000b000 08:05 4587609                    /lib/x86_64-linux-gnu/libnss_nis-2.23.so
7efd69811000-7efd69827000 r-xp 00000000 08:05 4587607                    /lib/x86_64-linux-gnu/libnsl-2.23.so
7efd69827000-7efd69a26000 ---p 00016000 08:05 4587607                    /lib/x86_64-linux-gnu/libnsl-2.23.so
7efd69a26000-7efd69a27000 r--p 00015000 08:05 4587607                    /lib/x86_64-linux-gnu/libnsl-2.23.so
7efd69a27000-7efd69a28000 rw-p 00016000 08:05 4587607                    /lib/x86_64-linux-gnu/libnsl-2.23.so
7efd69a28000-7efd69a2a000 rw-p 00000000 00:00 0 
7efd69a2a000-7efd69a32000 r-xp 00000000 08:05 4587605                    /lib/x86_64-linux-gnu/libnss_compat-2.23.so
7efd69a32000-7efd69c31000 ---p 00008000 08:05 4587605                    /lib/x86_64-linux-gnu/libnss_compat-2.23.so
7efd69c31000-7efd69c32000 r--p 00007000 08:05 4587605                    /lib/x86_64-linux-gnu/libnss_compat-2.23.so
7efd69c32000-7efd69c33000 rw-p 00008000 08:05 4587605                    /lib/x86_64-linux-gnu/libnss_compat-2.23.so
7efd69c33000-7efd69c5e000 r-xp 00000000 08:05 2495579                    /usr/lib/jvm/java-8-oracle/jre/lib/amd64/libjava.so
7efd69c5e000-7efd69e5d000 ---p 0002b000 08:05 2495579                    /usr/lib/jvm/java-8-oracle/jre/lib/amd64/libjava.so
7efd69e5d000-7efd69e5f000 rw-p 0002a000 08:05 2495579                    /usr/lib/jvm/java-8-oracle/jre/lib/amd64/libjava.so
7efd69e5f000-7efd69e6c000 r-xp 00000000 08:05 2495532                    /usr/lib/jvm/java-8-oracle/jre/lib/amd64/libverify.so
7efd69e6c000-7efd6a06b000 ---p 0000d000 08:05 2495532                    /usr/lib/jvm/java-8-oracle/jre/lib/amd64/libverify.so
7efd6a06b000-7efd6a06d000 rw-p 0000c000 08:05 2495532                    /usr/lib/jvm/java-8-oracle/jre/lib/amd64/libverify.so
7efd6a06d000-7efd6a074000 r-xp 00000000 08:05 4592122                    /lib/x86_64-linux-gnu/librt-2.23.so
7efd6a074000-7efd6a273000 ---p 00007000 08:05 4592122                    /lib/x86_64-linux-gnu/librt-2.23.so
7efd6a273000-7efd6a274000 r--p 00006000 08:05 4592122                    /lib/x86_64-linux-gnu/librt-2.23.so
7efd6a274000-7efd6a275000 rw-p 00007000 08:05 4592122                    /lib/x86_64-linux-gnu/librt-2.23.so
7efd6a275000-7efd6a37d000 r-xp 00000000 08:05 4587618                    /lib/x86_64-linux-gnu/libm-2.23.so
7efd6a37d000-7efd6a57c000 ---p 00108000 08:05 4587618                    /lib/x86_64-linux-gnu/libm-2.23.so
7efd6a57c000-7efd6a57d000 r--p 00107000 08:05 4587618                    /lib/x86_64-linux-gnu/libm-2.23.so
7efd6a57d000-7efd6a57e000 rw-p 00108000 08:05 4587618                    /lib/x86_64-linux-gnu/libm-2.23.so
7efd6a57e000-7efd6b24b000 r-xp 00000000 08:05 2495591                    /usr/lib/jvm/java-8-oracle/jre/lib/amd64/server/libjvm.so
7efd6b24b000-7efd6b44a000 ---p 00ccd000 08:05 2495591                    /usr/lib/jvm/java-8-oracle/jre/lib/amd64/server/libjvm.so
7efd6b44a000-7efd6b523000 rw-p 00ccc000 08:05 2495591                    /usr/lib/jvm/java-8-oracle/jre/lib/amd64/server/libjvm.so
7efd6b523000-7efd6b56e000 rw-p 00000000 00:00 0 
7efd6b56e000-7efd6b72d000 r-xp 00000000 08:05 4592128                    /lib/x86_64-linux-gnu/libc-2.23.so
7efd6b72d000-7efd6b92d000 ---p 001bf000 08:05 4592128                    /lib/x86_64-linux-gnu/libc-2.23.so
7efd6b92d000-7efd6b931000 r--p 001bf000 08:05 4592128                    /lib/x86_64-linux-gnu/libc-2.23.so
7efd6b931000-7efd6b933000 rw-p 001c3000 08:05 4592128                    /lib/x86_64-linux-gnu/libc-2.23.so
7efd6b933000-7efd6b937000 rw-p 00000000 00:00 0 
7efd6b937000-7efd6b93a000 r-xp 00000000 08:05 4592129                    /lib/x86_64-linux-gnu/libdl-2.23.so
7efd6b93a000-7efd6bb39000 ---p 00003000 08:05 4592129                    /lib/x86_64-linux-gnu/libdl-2.23.so
7efd6bb39000-7efd6bb3a000 r--p 00002000 08:05 4592129                    /lib/x86_64-linux-gnu/libdl-2.23.so
7efd6bb3a000-7efd6bb3b000 rw-p 00003000 08:05 4592129                    /lib/x86_64-linux-gnu/libdl-2.23.so
7efd6bb3b000-7efd6bb50000 r-xp 00000000 08:05 2629314                    /usr/lib/jvm/java-8-oracle/lib/amd64/jli/libjli.so
7efd6bb50000-7efd6bd50000 ---p 00015000 08:05 2629314                    /usr/lib/jvm/java-8-oracle/lib/amd64/jli/libjli.so
7efd6bd50000-7efd6bd51000 rw-p 00015000 08:05 2629314                    /usr/lib/jvm/java-8-oracle/lib/amd64/jli/libjli.so
7efd6bd51000-7efd6bd69000 r-xp 00000000 08:05 4592127                    /lib/x86_64-linux-gnu/libpthread-2.23.so
7efd6bd69000-7efd6bf68000 ---p 00018000 08:05 4592127                    /lib/x86_64-linux-gnu/libpthread-2.23.so
7efd6bf68000-7efd6bf69000 r--p 00017000 08:05 4592127                    /lib/x86_64-linux-gnu/libpthread-2.23.so
7efd6bf69000-7efd6bf6a000 rw-p 00018000 08:05 4592127                    /lib/x86_64-linux-gnu/libpthread-2.23.so
7efd6bf6a000-7efd6bf6e000 rw-p 00000000 00:00 0 
7efd6bf6e000-7efd6bf94000 r-xp 00000000 08:05 4592124                    /lib/x86_64-linux-gnu/ld-2.23.so
7efd6bf94000-7efd6bf95000 r--s 00002000 08:05 3552618                    /home/danfergo/.gradle/caches/modules-2/files-2.1/org.activecomponents.jadex/jadex-commons-security/3.0.43/d82384ce094b15940b45a60d70abfe4f173e518e/jadex-commons-security-3.0.43.jar
7efd6bf95000-7efd6c03e000 rw-p 00000000 00:00 0 
7efd6c03e000-7efd6c041000 ---p 00000000 00:00 0 
7efd6c041000-7efd6c143000 rw-p 00000000 00:00 0 
7efd6c143000-7efd6c144000 r--s 00003000 08:05 3550177                    /home/danfergo/.gradle/caches/modules-2/files-2.1/org.activecomponents.jadex/jadex-kernel-extension-agr/3.0.43/e2998ad9170e91eee2c647b64eb5ddf91a013644/jadex-kernel-extension-agr-3.0.43.jar
7efd6c144000-7efd6c14b000 r--s 00093000 08:05 3549149                    /home/danfergo/.gradle/caches/modules-2/files-2.1/org.activecomponents.jadex/jadex-tools-comanalyzer/3.0.43/787f30c83418001505ffb83a7b7fdf795342e629/jadex-tools-comanalyzer-3.0.43.jar
7efd6c14b000-7efd6c14d000 r--s 0000d000 08:05 3550174                    /home/danfergo/.gradle/caches/modules-2/files-2.1/org.activecomponents.jadex/jadex-tools-bpmn/3.0.43/a1673446b3525c82b1d836ce65a450d84ef6eb38/jadex-tools-bpmn-3.0.43.jar
7efd6c14d000-7efd6c14f000 r--s 0000d000 08:05 3550172                    /home/danfergo/.gradle/caches/modules-2/files-2.1/org.activecomponents.jadex/jadex-tools-bdi/3.0.43/3ae75982940c0c741f18a14bd4b31868828fa71c/jadex-tools-bdi-3.0.43.jar
7efd6c14f000-7efd6c150000 r--s 00000000 08:05 3550168                    /home/danfergo/.gradle/caches/modules-2/files-2.1/org.activecomponents.jadex/jadex-distribution-minimal/3.0.43/8c5c150374371eada920b3b4038a0c4e996a28e4/jadex-distribution-minimal-3.0.43.jar
7efd6c150000-7efd6c158000 r--s 00045000 08:05 3558874                    /home/danfergo/.gradle/caches/modules-2/files-2.1/junit/junit/4.12/2973d150c0dc1fefe998f834810d68f278ea58ec/junit-4.12.jar
7efd6c158000-7efd6c159000 r--s 00000000 08:05 3550167                    /home/danfergo/.gradle/caches/modules-2/files-2.1/org.activecomponents.jadex/jadex-distribution-standard/3.0.43/28f02c466b2cf3a2d8dd4a4876e05fe1fb4627b7/jadex-distribution-standard-3.0.43.jar
7efd6c159000-7efd6c15b000 r--s 00009000 08:05 3558873                    /home/danfergo/.gradle/caches/modules-2/files-2.1/org.slf4j/slf4j-api/1.7.21/139535a69a4239db087de9bab0bee568bf8e0b70/slf4j-api-1.7.21.jar
7efd6c15b000-7efd6c183000 rw-p 00000000 00:00 0 
7efd6c183000-7efd6c18b000 rw-s 00000000 08:05 3548462                    /tmp/hsperfdata_danfergo/10846
7efd6c18b000-7efd6c18c000 rw-p 00000000 00:00 0 
7efd6c18c000-7efd6c18d000 r--p 00000000 00:00 0 
7efd6c18d000-7efd6c18f000 rw-p 00000000 00:00 0 
7efd6c18f000-7efd6c191000 r--p 00000000 00:00 0                          [vvar]
7efd6c191000-7efd6c193000 r-xp 00000000 00:00 0                          [vdso]
7efd6c193000-7efd6c194000 r--p 00025000 08:05 4592124                    /lib/x86_64-linux-gnu/ld-2.23.so
7efd6c194000-7efd6c195000 rw-p 00026000 08:05 4592124                    /lib/x86_64-linux-gnu/ld-2.23.so
7efd6c195000-7efd6c196000 rw-p 00000000 00:00 0 
7ffead79e000-7ffead7c2000 rw-p 00000000 00:00 0                          [stack]
ffffffffff600000-ffffffffff601000 r-xp 00000000 00:00 0                  [vsyscall]

VM Arguments:
jvm_args: -Dfile.encoding=UTF-8 
java_command: game.Game
java_class_path (initial): /home/danfergo/Projects/Eclipse/PanicOnWallStreet/bin:/home/danfergo/.gradle/caches/modules-2/files-2.1/org.slf4j/slf4j-api/1.7.21/139535a69a4239db087de9bab0bee568bf8e0b70/slf4j-api-1.7.21.jar:/home/danfergo/.gradle/caches/modules-2/files-2.1/org.activecomponents.jadex/jadex-distribution-standard/3.0.43/28f02c466b2cf3a2d8dd4a4876e05fe1fb4627b7/jadex-distribution-standard-3.0.43.jar:/home/danfergo/.gradle/caches/modules-2/files-2.1/junit/junit/4.12/2973d150c0dc1fefe998f834810d68f278ea58ec/junit-4.12.jar:/home/danfergo/.gradle/caches/modules-2/files-2.1/org.activecomponents.jadex/jadex-distribution-minimal/3.0.43/8c5c150374371eada920b3b4038a0c4e996a28e4/jadex-distribution-minimal-3.0.43.jar:/home/danfergo/.gradle/caches/modules-2/files-2.1/org.activecomponents.jadex/jadex-runtimetools-swing/3.0.43/81b6215c4be902d21a2e8bf1261f01bc46e325d5/jadex-runtimetools-swing-3.0.43.jar:/home/danfergo/.gradle/caches/modules-2/files-2.1/org.activecomponents.jadex/jadex-tools-bdi/3.0.43/3ae75982940c0c741f18a14bd4b31868828fa71c/jadex-tools-bdi-3.0.43.jar:/home/danfergo/.gradle/caches/modules-2/files-2.1/org.activecomponents.jadex/jadex-tools-bpmn/3.0.43/a1673446b3525c82b1d836ce65a450d84ef6eb38/jadex-tools-bpmn-3.0.43.jar:/home/danfergo/.gradle/caches/modules-2/files-2.1/org.activecomponents.jadex/jadex-tools-comanalyzer/3.0.43/787f30c83418001505ffb83a7b7fdf795342e629/jadex-tools-comanalyzer-3.0.43.jar:/home/danfergo/.gradle/caches/modules-2/files-2.1/org.activecomponents.jadex/jadex-rules-tools/3.0.43/aa33a5c8762e3e4e81c24d1a102ae3d9e4eb24be/jadex-rules-tools-3.0.43.jar:/home/danfergo/.gradle/caches/modules-2/files-2.1/org.activecomponents.jadex/jadex-kernel-extension-agr/3.0.43/e2998ad9170e91eee2c647b64eb5ddf91a013644/jadex-kernel-extension-agr-3.0.43.jar:/home/danfergo/.gradle/caches/modules-2/files-2.1/org.activecomponents.jadex/jadex-kernel-extension-envsupport/3.0.43/537ec9f21ae11df15fceea9f6bb94de0e910009b/jadex-kernel-extension-envsupport-3.0.43.jar
Launcher Type: SUN_STANDARD

Environment Variables:
JAVA_HOME=/usr/lib/jvm/java-8-oracle
PATH=/home/danfergo/bin:/home/danfergo/.local/bin:/usr/local/sbin:/usr/local/bin:/usr/sbin:/usr/bin:/sbin:/bin:/usr/games:/usr/local/games:/snap/bin:/usr/lib/jvm/java-8-oracle/bin:/usr/lib/jvm/java-8-oracle/db/bin:/usr/lib/jvm/java-8-oracle/jre/bin
USERNAME=danfergo
SHELL=/bin/bash
DISPLAY=:1

Signal Handlers:
SIGSEGV: [libjvm.so+0xac64b0], sa_mask[0]=11111111011111111101111111111110, sa_flags=SA_RESTART|SA_SIGINFO
SIGBUS: [libjvm.so+0xac64b0], sa_mask[0]=11111111011111111101111111111110, sa_flags=SA_RESTART|SA_SIGINFO
SIGFPE: [libjvm.so+0x91f950], sa_mask[0]=11111111011111111101111111111110, sa_flags=SA_RESTART|SA_SIGINFO
SIGPIPE: [libjvm.so+0x91f950], sa_mask[0]=11111111011111111101111111111110, sa_flags=SA_RESTART|SA_SIGINFO
SIGXFSZ: [libjvm.so+0x91f950], sa_mask[0]=11111111011111111101111111111110, sa_flags=SA_RESTART|SA_SIGINFO
SIGILL: [libjvm.so+0x91f950], sa_mask[0]=11111111011111111101111111111110, sa_flags=SA_RESTART|SA_SIGINFO
SIGUSR1: SIG_DFL, sa_mask[0]=00000000000000000000000000000000, sa_flags=none
SIGUSR2: [libjvm.so+0x920f80], sa_mask[0]=00100000000000000000000000000000, sa_flags=SA_RESTART|SA_SIGINFO
SIGHUP: [libjvm.so+0x922380], sa_mask[0]=11111111011111111101111111111110, sa_flags=SA_RESTART|SA_SIGINFO
SIGINT: [libjvm.so+0x922380], sa_mask[0]=11111111011111111101111111111110, sa_flags=SA_RESTART|SA_SIGINFO
SIGTERM: [libjvm.so+0x922380], sa_mask[0]=11111111011111111101111111111110, sa_flags=SA_RESTART|SA_SIGINFO
SIGQUIT: [libjvm.so+0x922380], sa_mask[0]=11111111011111111101111111111110, sa_flags=SA_RESTART|SA_SIGINFO


---------------  S Y S T E M  ---------------

OS:DISTRIB_ID=Ubuntu
DISTRIB_RELEASE=16.04
DISTRIB_CODENAME=xenial
DISTRIB_DESCRIPTION="Ubuntu 16.04.1 LTS"

uname:Linux 4.4.0-51-generic #72-Ubuntu SMP Thu Nov 24 18:29:54 UTC 2016 x86_64
libc:glibc 2.23 NPTL 2.23 
rlimit: STACK 8192k, CORE 0k, NPROC 63170, NOFILE 65536, AS infinity
load average:0,89 0,73 0,81

/proc/meminfo:
MemTotal:       16305452 kB
MemFree:         7990600 kB
MemAvailable:   11321428 kB
Buffers:          306064 kB
Cached:          3221568 kB
SwapCached:            0 kB
Active:          5260276 kB
Inactive:        2444772 kB
Active(anon):    4182072 kB
Inactive(anon):   122224 kB
Active(file):    1078204 kB
Inactive(file):  2322548 kB
Unevictable:         112 kB
Mlocked:             112 kB
SwapTotal:      16723964 kB
SwapFree:       16723964 kB
Dirty:                 0 kB
Writeback:             0 kB
AnonPages:       4055752 kB
Mapped:           690512 kB
Shmem:            127028 kB
Slab:             338056 kB
SReclaimable:     276256 kB
SUnreclaim:        61800 kB
KernelStack:       16880 kB
PageTables:        50016 kB
NFS_Unstable:          0 kB
Bounce:                0 kB
WritebackTmp:          0 kB
CommitLimit:    24876688 kB
Committed_AS:    9103064 kB
VmallocTotal:   34359738367 kB
VmallocUsed:           0 kB
VmallocChunk:          0 kB
HardwareCorrupted:     0 kB
AnonHugePages:   2400256 kB
CmaTotal:              0 kB
CmaFree:               0 kB
HugePages_Total:       0
HugePages_Free:        0
HugePages_Rsvd:        0
HugePages_Surp:        0
Hugepagesize:       2048 kB
DirectMap4k:      360692 kB
DirectMap2M:     8949760 kB
DirectMap1G:     7340032 kB


CPU:total 8 (4 cores per cpu, 2 threads per core) family 6 model 94 stepping 3, cmov, cx8, fxsr, mmx, sse, sse2, sse3, ssse3, sse4.1, sse4.2, popcnt, avx, avx2, aes, clmul, erms, rtm, 3dnowpref, lzcnt, ht, tsc, tscinvbit, bmi1, bmi2, adx

/proc/cpuinfo:
processor	: 0
vendor_id	: GenuineIntel
cpu family	: 6
model		: 94
model name	: Intel(R) Core(TM) i7-6700HQ CPU @ 2.60GHz
stepping	: 3
microcode	: 0x8a
cpu MHz		: 3036.820
cache size	: 6144 KB
physical id	: 0
siblings	: 8
core id		: 0
cpu cores	: 4
apicid		: 0
initial apicid	: 0
fpu		: yes
fpu_exception	: yes
cpuid level	: 22
wp		: yes
flags		: fpu vme de pse tsc msr pae mce cx8 apic sep mtrr pge mca cmov pat pse36 clflush dts acpi mmx fxsr sse sse2 ss ht tm pbe syscall nx pdpe1gb rdtscp lm constant_tsc art arch_perfmon pebs bts rep_good nopl xtopology nonstop_tsc aperfmperf eagerfpu pni pclmulqdq dtes64 monitor ds_cpl vmx est tm2 ssse3 sdbg fma cx16 xtpr pdcm pcid sse4_1 sse4_2 x2apic movbe popcnt tsc_deadline_timer aes xsave avx f16c rdrand lahf_lm abm 3dnowprefetch epb intel_pt tpr_shadow vnmi flexpriority ept vpid fsgsbase tsc_adjust bmi1 hle avx2 smep bmi2 erms invpcid rtm mpx rdseed adx smap clflushopt xsaveopt xsavec xgetbv1 dtherm ida arat pln pts hwp hwp_notify hwp_act_window hwp_epp
bugs		:
bogomips	: 5183.90
clflush size	: 64
cache_alignment	: 64
address sizes	: 39 bits physical, 48 bits virtual
power management:

processor	: 1
vendor_id	: GenuineIntel
cpu family	: 6
model		: 94
model name	: Intel(R) Core(TM) i7-6700HQ CPU @ 2.60GHz
stepping	: 3
microcode	: 0x8a
cpu MHz		: 3189.671
cache size	: 6144 KB
physical id	: 0
siblings	: 8
core id		: 1
cpu cores	: 4
apicid		: 2
initial apicid	: 2
fpu		: yes
fpu_exception	: yes
cpuid level	: 22
wp		: yes
flags		: fpu vme de pse tsc msr pae mce cx8 apic sep mtrr pge mca cmov pat pse36 clflush dts acpi mmx fxsr sse sse2 ss ht tm pbe syscall nx pdpe1gb rdtscp lm constant_tsc art arch_perfmon pebs bts rep_good nopl xtopology nonstop_tsc aperfmperf eagerfpu pni pclmulqdq dtes64 monitor ds_cpl vmx est tm2 ssse3 sdbg fma cx16 xtpr pdcm pcid sse4_1 sse4_2 x2apic movbe popcnt tsc_deadline_timer aes xsave avx f16c rdrand lahf_lm abm 3dnowprefetch epb intel_pt tpr_shadow vnmi flexpriority ept vpid fsgsbase tsc_adjust bmi1 hle avx2 smep bmi2 erms invpcid rtm mpx rdseed adx smap clflushopt xsaveopt xsavec xgetbv1 dtherm ida arat pln pts hwp hwp_notify hwp_act_window hwp_epp
bugs		:
bogomips	: 5183.90
clflush size	: 64
cache_alignment	: 64
address sizes	: 39 bits physical, 48 bits virtual
power management:

processor	: 2
vendor_id	: GenuineIntel
cpu family	: 6
model		: 94
model name	: Intel(R) Core(TM) i7-6700HQ CPU @ 2.60GHz
stepping	: 3
microcode	: 0x8a
cpu MHz		: 3098.164
cache size	: 6144 KB
physical id	: 0
siblings	: 8
core id		: 2
cpu cores	: 4
apicid		: 4
initial apicid	: 4
fpu		: yes
fpu_exception	: yes
cpuid level	: 22
wp		: yes
flags		: fpu vme de pse tsc msr pae mce cx8 apic sep mtrr pge mca cmov pat pse36 clflush dts acpi mmx fxsr sse sse2 ss ht tm pbe syscall nx pdpe1gb rdtscp lm constant_tsc art arch_perfmon pebs bts rep_good nopl xtopology nonstop_tsc aperfmperf eagerfpu pni pclmulqdq dtes64 monitor ds_cpl vmx est tm2 ssse3 sdbg fma cx16 xtpr pdcm pcid sse4_1 sse4_2 x2apic movbe popcnt tsc_deadline_timer aes xsave avx f16c rdrand lahf_lm abm 3dnowprefetch epb intel_pt tpr_shadow vnmi flexpriority ept vpid fsgsbase tsc_adjust bmi1 hle avx2 smep bmi2 erms invpcid rtm mpx rdseed adx smap clflushopt xsaveopt xsavec xgetbv1 dtherm ida arat pln pts hwp hwp_notify hwp_act_window hwp_epp
bugs		:
bogomips	: 5183.90
clflush size	: 64
cache_alignment	: 64
address sizes	: 39 bits physical, 48 bits virtual
power management:

processor	: 3
vendor_id	: GenuineIntel
cpu family	: 6
model		: 94
model name	: Intel(R) Core(TM) i7-6700HQ CPU @ 2.60GHz
stepping	: 3
microcode	: 0x8a
cpu MHz		: 3192.007
cache size	: 6144 KB
physical id	: 0
siblings	: 8
core id		: 3
cpu cores	: 4
apicid		: 6
initial apicid	: 6
fpu		: yes
fpu_exception	: yes
cpuid level	: 22
wp		: yes
flags		: fpu vme de pse tsc msr pae mce cx8 apic sep mtrr pge mca cmov pat pse36 clflush dts acpi mmx fxsr sse sse2 ss ht tm pbe syscall nx pdpe1gb rdtscp lm constant_tsc art arch_perfmon pebs bts rep_good nopl xtopology nonstop_tsc aperfmperf eagerfpu pni pclmulqdq dtes64 monitor ds_cpl vmx est tm2 ssse3 sdbg fma cx16 xtpr pdcm pcid sse4_1 sse4_2 x2apic movbe popcnt tsc_deadline_timer aes xsave avx f16c rdrand lahf_lm abm 3dnowprefetch epb intel_pt tpr_shadow vnmi flexpriority ept vpid fsgsbase tsc_adjust bmi1 hle avx2 smep bmi2 erms invpcid rtm mpx rdseed adx smap clflushopt xsaveopt xsavec xgetbv1 dtherm ida arat pln pts hwp hwp_notify hwp_act_window hwp_epp
bugs		:
bogomips	: 5183.90
clflush size	: 64
cache_alignment	: 64
address sizes	: 39 bits physical, 48 bits virtual
power management:

processor	: 4
vendor_id	: GenuineIntel
cpu family	: 6
model		: 94
model name	: Intel(R) Core(TM) i7-6700HQ CPU @ 2.60GHz
stepping	: 3
microcode	: 0x8a
cpu MHz		: 3101.007
cache size	: 6144 KB
physical id	: 0
siblings	: 8
core id		: 0
cpu cores	: 4
apicid		: 1
initial apicid	: 1
fpu		: yes
fpu_exception	: yes
cpuid level	: 22
wp		: yes
flags		: fpu vme de pse tsc msr pae mce cx8 apic sep mtrr pge mca cmov pat pse36 clflush dts acpi mmx fxsr sse sse2 ss ht tm pbe syscall nx pdpe1gb rdtscp lm constant_tsc art arch_perfmon pebs bts rep_good nopl xtopology nonstop_tsc aperfmperf eagerfpu pni pclmulqdq dtes64 monitor ds_cpl vmx est tm2 ssse3 sdbg fma cx16 xtpr pdcm pcid sse4_1 sse4_2 x2apic movbe popcnt tsc_deadline_timer aes xsave avx f16c rdrand lahf_lm abm 3dnowprefetch epb intel_pt tpr_shadow vnmi flexpriority ept vpid fsgsbase tsc_adjust bmi1 hle avx2 smep bmi2 erms invpcid rtm mpx rdseed adx smap clflushopt xsaveopt xsavec xgetbv1 dtherm ida arat pln pts hwp hwp_notify hwp_act_window hwp_epp
bugs		:
bogomips	: 5183.90
clflush size	: 64
cache_alignment	: 64
address sizes	: 39 bits physical, 48 bits virtual
power management:

processor	: 5
vendor_id	: GenuineIntel
cpu family	: 6
model		: 94
model name	: Intel(R) Core(TM) i7-6700HQ CPU @ 2.60GHz
stepping	: 3
microcode	: 0x8a
cpu MHz		: 3147.117
cache size	: 6144 KB
physical id	: 0
siblings	: 8
core id		: 1
cpu cores	: 4
apicid		: 3
initial apicid	: 3
fpu		: yes
fpu_exception	: yes
cpuid level	: 22
wp		: yes
flags		: fpu vme de pse tsc msr pae mce cx8 apic sep mtrr pge mca cmov pat pse36 clflush dts acpi mmx fxsr sse sse2 ss ht tm pbe syscall nx pdpe1gb rdtscp lm constant_tsc art arch_perfmon pebs bts rep_good nopl xtopology nonstop_tsc aperfmperf eagerfpu pni pclmulqdq dtes64 monitor ds_cpl vmx est tm2 ssse3 sdbg fma cx16 xtpr pdcm pcid sse4_1 sse4_2 x2apic movbe popcnt tsc_deadline_timer aes xsave avx f16c rdrand lahf_lm abm 3dnowprefetch epb intel_pt tpr_shadow vnmi flexpriority ept vpid fsgsbase tsc_adjust bmi1 hle avx2 smep bmi2 erms invpcid rtm mpx rdseed adx smap clflushopt xsaveopt xsavec xgetbv1 dtherm ida arat pln pts hwp hwp_notify hwp_act_window hwp_epp
bugs		:
bogomips	: 5183.90
clflush size	: 64
cache_alignment	: 64
address sizes	: 39 bits physical, 48 bits virtual
power management:

processor	: 6
vendor_id	: GenuineIntel
cpu family	: 6
model		: 94
model name	: Intel(R) Core(TM) i7-6700HQ CPU @ 2.60GHz
stepping	: 3
microcode	: 0x8a
cpu MHz		: 3009.703
cache size	: 6144 KB
physical id	: 0
siblings	: 8
core id		: 2
cpu cores	: 4
apicid		: 5
initial apicid	: 5
fpu		: yes
fpu_exception	: yes
cpuid level	: 22
wp		: yes
flags		: fpu vme de pse tsc msr pae mce cx8 apic sep mtrr pge mca cmov pat pse36 clflush dts acpi mmx fxsr sse sse2 ss ht tm pbe syscall nx pdpe1gb rdtscp lm constant_tsc art arch_perfmon pebs bts rep_good nopl xtopology nonstop_tsc aperfmperf eagerfpu pni pclmulqdq dtes64 monitor ds_cpl vmx est tm2 ssse3 sdbg fma cx16 xtpr pdcm pcid sse4_1 sse4_2 x2apic movbe popcnt tsc_deadline_timer aes xsave avx f16c rdrand lahf_lm abm 3dnowprefetch epb intel_pt tpr_shadow vnmi flexpriority ept vpid fsgsbase tsc_adjust bmi1 hle avx2 smep bmi2 erms invpcid rtm mpx rdseed adx smap clflushopt xsaveopt xsavec xgetbv1 dtherm ida arat pln pts hwp hwp_notify hwp_act_window hwp_epp
bugs		:
bogomips	: 5183.90
clflush size	: 64
cache_alignment	: 64
address sizes	: 39 bits physical, 48 bits virtual
power management:

processor	: 7
vendor_id	: GenuineIntel
cpu family	: 6
model		: 94
model name	: Intel(R) Core(TM) i7-6700HQ CPU @ 2.60GHz
stepping	: 3
microcode	: 0x8a
cpu MHz		: 3218.007
cache size	: 6144 KB
physical id	: 0
siblings	: 8
core id		: 3
cpu cores	: 4
apicid		: 7
initial apicid	: 7
fpu		: yes
fpu_exception	: yes
cpuid level	: 22
wp		: yes
flags		: fpu vme de pse tsc msr pae mce cx8 apic sep mtrr pge mca cmov pat pse36 clflush dts acpi mmx fxsr sse sse2 ss ht tm pbe syscall nx pdpe1gb rdtscp lm constant_tsc art arch_perfmon pebs bts rep_good nopl xtopology nonstop_tsc aperfmperf eagerfpu pni pclmulqdq dtes64 monitor ds_cpl vmx est tm2 ssse3 sdbg fma cx16 xtpr pdcm pcid sse4_1 sse4_2 x2apic movbe popcnt tsc_deadline_timer aes xsave avx f16c rdrand lahf_lm abm 3dnowprefetch epb intel_pt tpr_shadow vnmi flexpriority ept vpid fsgsbase tsc_adjust bmi1 hle avx2 smep bmi2 erms invpcid rtm mpx rdseed adx smap clflushopt xsaveopt xsavec xgetbv1 dtherm ida arat pln pts hwp hwp_notify hwp_act_window hwp_epp
bugs		:
bogomips	: 5183.90
clflush size	: 64
cache_alignment	: 64
address sizes	: 39 bits physical, 48 bits virtual
power management:



Memory: 4k page, physical 16305452k(8043248k free), swap 16723964k(16723964k free)

vm_info: Java HotSpot(TM) 64-Bit Server VM (25.111-b14) for linux-amd64 JRE (1.8.0_111-b14), built on Sep 22 2016 16:14:03 by "java_re" with gcc 4.3.0 20080428 (Red Hat 4.3.0-8)

time: Sun Dec  4 15:16:52 2016
elapsed time: 16 seconds (0d 0h 0m 16s)

